{"src/core/ElasticDAO.sol":{"l":{"29":30,"30":30,"31":30,"34":451,"35":451,"37":451,"38":450,"41":1234,"42":1234,"43":1233,"46":17,"47":15,"50":443,"51":442,"54":790,"55":790,"56":790,"57":790,"59":790,"60":788,"63":16,"64":16,"74":412,"75":412,"76":412,"77":412,"78":412,"79":412,"81":412,"82":412,"83":412,"88":14,"89":14,"90":14,"93":14,"94":14,"96":14,"107":442,"108":442,"110":442,"121":341,"122":341,"123":341,"125":341,"129":16,"131":16,"136":16,"137":16,"146":16,"156":16,"159":15,"160":15,"163":15,"164":15,"165":15,"166":15,"169":15,"171":12,"175":12,"176":12,"177":12,"178":12,"182":3,"194":450,"196":450,"197":450,"198":450,"200":360,"204":337,"206":336,"207":336,"208":336,"209":336,"211":336,"213":336,"214":1008,"216":336,"217":336,"219":308,"225":1,"229":2,"235":1265,"236":1265,"240":4244,"244":492,"245":492},"path":"/mnt/d/Projects/ElasticDAO/contracts/src/core/ElasticDAO.sol","s":{"1":30,"2":30,"3":451,"4":451,"5":451,"6":1234,"7":1234,"8":17,"9":443,"10":790,"11":790,"12":790,"13":790,"14":790,"15":16,"16":412,"17":412,"18":412,"19":412,"20":412,"21":412,"22":412,"23":412,"24":412,"25":14,"26":14,"27":14,"28":14,"29":14,"30":14,"31":442,"32":442,"33":442,"34":341,"35":341,"36":341,"37":341,"38":16,"39":16,"40":16,"41":16,"42":16,"43":16,"44":15,"45":15,"46":15,"47":15,"48":15,"49":15,"50":15,"51":12,"52":12,"53":12,"54":12,"55":12,"56":3,"57":450,"58":450,"59":450,"60":450,"61":360,"62":337,"63":336,"64":336,"65":336,"66":336,"67":336,"68":336,"69":1008,"70":336,"71":336,"72":308,"73":1,"74":2,"75":1265,"76":1265,"77":4244,"78":492,"79":492},"b":{"1":[30,0],"2":[450,1],"3":[1233,1],"4":[15,2],"5":[442,1],"6":[788,2],"7":[16,0],"8":[442,0],"9":[16,0],"10":[15,1],"11":[336,1]},"f":{"1":30,"2":451,"3":1234,"4":17,"5":443,"6":790,"7":16,"8":412,"9":14,"10":442,"11":16,"12":12,"13":3,"14":450,"15":337,"16":1,"17":2,"18":1265,"19":4244,"20":492,"21":0},"fnMap":{"1":{"name":"onlyAfterSummoning","line":28,"loc":{"start":{"line":28,"column":2},"end":{"line":32,"column":2}}},"2":{"name":"onlyAfterTokenInitialized","line":33,"loc":{"start":{"line":33,"column":2},"end":{"line":39,"column":2}}},"3":{"name":"onlyBeforeSummoning","line":40,"loc":{"start":{"line":40,"column":2},"end":{"line":44,"column":2}}},"4":{"name":"onlyController","line":45,"loc":{"start":{"line":45,"column":2},"end":{"line":48,"column":2}}},"5":{"name":"onlyDeployer","line":49,"loc":{"start":{"line":49,"column":2},"end":{"line":52,"column":2}}},"6":{"name":"onlySummoners","line":53,"loc":{"start":{"line":53,"column":2},"end":{"line":61,"column":2}}},"7":{"name":"onlyWhenOpen","line":62,"loc":{"start":{"line":62,"column":2},"end":{"line":65,"column":2}}},"8":{"name":"constructor","line":67,"loc":{"start":{"line":67,"column":2},"end":{"line":84,"column":2}}},"9":{"name":"exit","line":86,"loc":{"start":{"line":86,"column":2},"end":{"line":97,"column":2}}},"10":{"name":"initializeToken","line":106,"loc":{"start":{"line":99,"column":2},"end":{"line":126,"column":2}}},"11":{"name":"join","line":128,"loc":{"start":{"line":128,"column":2},"end":{"line":172,"column":2}}},"12":{"name":"setController","line":174,"loc":{"start":{"line":174,"column":2},"end":{"line":179,"column":2}}},"13":{"name":"setMaxVotingLambda","line":181,"loc":{"start":{"line":181,"column":2},"end":{"line":183,"column":2}}},"14":{"name":"seedSummoning","line":192,"loc":{"start":{"line":187,"column":2},"end":{"line":201,"column":2}}},"15":{"name":"summon","line":203,"loc":{"start":{"line":203,"column":2},"end":{"line":220,"column":2}}},"16":{"name":"getDAO","line":224,"loc":{"start":{"line":224,"column":2},"end":{"line":226,"column":2}}},"17":{"name":"getEcosystem","line":228,"loc":{"start":{"line":228,"column":2},"end":{"line":230,"column":2}}},"18":{"name":"_getDAO","line":234,"loc":{"start":{"line":234,"column":2},"end":{"line":237,"column":2}}},"19":{"name":"_getEcosystem","line":239,"loc":{"start":{"line":239,"column":2},"end":{"line":241,"column":2}}},"20":{"name":"_getToken","line":243,"loc":{"start":{"line":243,"column":2},"end":{"line":247,"column":2}}},"21":{"name":null,"line":251,"loc":{"start":{"line":251,"column":2},"end":{"line":251,"column":31}}}},"statementMap":{"1":{"start":{"line":29,"column":4},"end":{"line":29,"column":39}},"2":{"start":{"line":30,"column":4},"end":{"line":30,"column":60}},"3":{"start":{"line":34,"column":4},"end":{"line":34,"column":57}},"4":{"start":{"line":35,"column":4},"end":{"line":35,"column":1351}},"5":{"start":{"line":37,"column":4},"end":{"line":37,"column":77}},"6":{"start":{"line":41,"column":4},"end":{"line":41,"column":39}},"7":{"start":{"line":42,"column":4},"end":{"line":42,"column":73}},"8":{"start":{"line":46,"column":4},"end":{"line":46,"column":67}},"9":{"start":{"line":50,"column":4},"end":{"line":50,"column":63}},"10":{"start":{"line":54,"column":4},"end":{"line":54,"column":57}},"11":{"start":{"line":55,"column":4},"end":{"line":55,"column":52}},"12":{"start":{"line":56,"column":4},"end":{"line":56,"column":79}},"13":{"start":{"line":57,"column":4},"end":{"line":57,"column":64}},"14":{"start":{"line":59,"column":4},"end":{"line":59,"column":55}},"15":{"start":{"line":63,"column":4},"end":{"line":63,"column":71}},"16":{"start":{"line":74,"column":4},"end":{"line":74,"column":49}},"17":{"start":{"line":75,"column":4},"end":{"line":75,"column":27}},"18":{"start":{"line":76,"column":4},"end":{"line":76,"column":24}},"19":{"start":{"line":77,"column":4},"end":{"line":77,"column":98}},"20":{"start":{"line":78,"column":4},"end":{"line":78,"column":40}},"21":{"start":{"line":79,"column":4},"end":{"line":79,"column":25}},"22":{"start":{"line":81,"column":4},"end":{"line":81,"column":74}},"23":{"start":{"line":82,"column":4},"end":{"line":82,"column":79}},"24":{"start":{"line":83,"column":4},"end":{"line":83,"column":74}},"25":{"start":{"line":88,"column":4},"end":{"line":88,"column":45}},"26":{"start":{"line":89,"column":4},"end":{"line":89,"column":77}},"27":{"start":{"line":90,"column":4},"end":{"line":90,"column":53}},"28":{"start":{"line":93,"column":4},"end":{"line":93,"column":72}},"29":{"start":{"line":94,"column":4},"end":{"line":94,"column":86}},"30":{"start":{"line":96,"column":4},"end":{"line":96,"column":41}},"31":{"start":{"line":107,"column":4},"end":{"line":107,"column":88}},"32":{"start":{"line":108,"column":4},"end":{"line":108,"column":57}},"33":{"start":{"line":110,"column":4},"end":{"line":110,"column":3971}},"34":{"start":{"line":121,"column":4},"end":{"line":121,"column":77}},"35":{"start":{"line":122,"column":4},"end":{"line":122,"column":38}},"36":{"start":{"line":123,"column":4},"end":{"line":123,"column":38}},"37":{"start":{"line":125,"column":4},"end":{"line":125,"column":51}},"38":{"start":{"line":129,"column":4},"end":{"line":129,"column":45}},"39":{"start":{"line":131,"column":4},"end":{"line":131,"column":4555}},"40":{"start":{"line":136,"column":4},"end":{"line":136,"column":77}},"41":{"start":{"line":137,"column":4},"end":{"line":137,"column":4766}},"42":{"start":{"line":146,"column":4},"end":{"line":146,"column":5212}},"43":{"start":{"line":156,"column":4},"end":{"line":156,"column":67}},"44":{"start":{"line":159,"column":4},"end":{"line":159,"column":65}},"45":{"start":{"line":160,"column":4},"end":{"line":160,"column":72}},"46":{"start":{"line":163,"column":4},"end":{"line":163,"column":57}},"47":{"start":{"line":164,"column":4},"end":{"line":164,"column":59}},"48":{"start":{"line":165,"column":4},"end":{"line":165,"column":18}},"49":{"start":{"line":166,"column":4},"end":{"line":166,"column":32}},"50":{"start":{"line":169,"column":4},"end":{"line":169,"column":53}},"51":{"start":{"line":171,"column":4},"end":{"line":171,"column":57}},"52":{"start":{"line":175,"column":4},"end":{"line":175,"column":27}},"53":{"start":{"line":176,"column":4},"end":{"line":176,"column":83}},"54":{"start":{"line":177,"column":4},"end":{"line":177,"column":38}},"55":{"start":{"line":178,"column":4},"end":{"line":178,"column":38}},"56":{"start":{"line":182,"column":4},"end":{"line":182,"column":37}},"57":{"start":{"line":194,"column":4},"end":{"line":194,"column":45}},"58":{"start":{"line":196,"column":4},"end":{"line":196,"column":30}},"59":{"start":{"line":197,"column":4},"end":{"line":197,"column":62}},"60":{"start":{"line":198,"column":4},"end":{"line":198,"column":73}},"61":{"start":{"line":200,"column":4},"end":{"line":200,"column":56}},"62":{"start":{"line":204,"column":4},"end":{"line":204,"column":98}},"63":{"start":{"line":206,"column":4},"end":{"line":206,"column":57}},"64":{"start":{"line":207,"column":4},"end":{"line":207,"column":52}},"65":{"start":{"line":208,"column":4},"end":{"line":208,"column":79}},"66":{"start":{"line":209,"column":4},"end":{"line":209,"column":7274}},"67":{"start":{"line":211,"column":4},"end":{"line":211,"column":77}},"68":{"start":{"line":213,"column":4},"end":{"line":213,"column":7394}},"69":{"start":{"line":214,"column":6},"end":{"line":214,"column":76}},"70":{"start":{"line":216,"column":4},"end":{"line":216,"column":22}},"71":{"start":{"line":217,"column":4},"end":{"line":217,"column":29}},"72":{"start":{"line":219,"column":4},"end":{"line":219,"column":47}},"73":{"start":{"line":225,"column":4},"end":{"line":225,"column":20}},"74":{"start":{"line":229,"column":4},"end":{"line":229,"column":26}},"75":{"start":{"line":235,"column":4},"end":{"line":235,"column":57}},"76":{"start":{"line":236,"column":4},"end":{"line":236,"column":79}},"77":{"start":{"line":240,"column":4},"end":{"line":240,"column":70}},"78":{"start":{"line":244,"column":4},"end":{"line":244,"column":57}},"79":{"start":{"line":245,"column":4},"end":{"line":245,"column":8487}}},"branchMap":{"1":{"line":30,"type":"if","locations":[{"start":{"line":30,"column":4},"end":{"line":30,"column":4}},{"start":{"line":30,"column":4},"end":{"line":30,"column":4}}]},"2":{"line":37,"type":"if","locations":[{"start":{"line":37,"column":4},"end":{"line":37,"column":4}},{"start":{"line":37,"column":4},"end":{"line":37,"column":4}}]},"3":{"line":42,"type":"if","locations":[{"start":{"line":42,"column":4},"end":{"line":42,"column":4}},{"start":{"line":42,"column":4},"end":{"line":42,"column":4}}]},"4":{"line":46,"type":"if","locations":[{"start":{"line":46,"column":4},"end":{"line":46,"column":4}},{"start":{"line":46,"column":4},"end":{"line":46,"column":4}}]},"5":{"line":50,"type":"if","locations":[{"start":{"line":50,"column":4},"end":{"line":50,"column":4}},{"start":{"line":50,"column":4},"end":{"line":50,"column":4}}]},"6":{"line":59,"type":"if","locations":[{"start":{"line":59,"column":4},"end":{"line":59,"column":4}},{"start":{"line":59,"column":4},"end":{"line":59,"column":4}}]},"7":{"line":63,"type":"if","locations":[{"start":{"line":63,"column":4},"end":{"line":63,"column":4}},{"start":{"line":63,"column":4},"end":{"line":63,"column":4}}]},"8":{"line":107,"type":"if","locations":[{"start":{"line":107,"column":4},"end":{"line":107,"column":4}},{"start":{"line":107,"column":4},"end":{"line":107,"column":4}}]},"9":{"line":131,"type":"if","locations":[{"start":{"line":131,"column":4},"end":{"line":131,"column":4}},{"start":{"line":131,"column":4},"end":{"line":131,"column":4}}]},"10":{"line":156,"type":"if","locations":[{"start":{"line":156,"column":4},"end":{"line":156,"column":4}},{"start":{"line":156,"column":4},"end":{"line":156,"column":4}}]},"11":{"line":204,"type":"if","locations":[{"start":{"line":204,"column":4},"end":{"line":204,"column":4}},{"start":{"line":204,"column":4},"end":{"line":204,"column":4}}]}}},"src/core/ElasticDAOFactory.sol":{"l":{"21":7,"22":6,"26":3,"27":3,"46":364,"50":364,"52":281,"53":281,"54":281,"58":6,"59":6,"63":3,"65":3,"66":3},"path":"/mnt/d/Projects/ElasticDAO/contracts/src/core/ElasticDAOFactory.sol","s":{"1":7,"2":3,"3":3,"4":364,"5":364,"6":281,"7":281,"8":281,"9":6,"10":6,"11":3,"12":3,"13":3},"b":{"1":[6,1]},"f":{"1":7,"2":3,"3":364,"4":6,"5":3,"6":0},"fnMap":{"1":{"name":"onlyDeployer","line":20,"loc":{"start":{"line":20,"column":2},"end":{"line":23,"column":2}}},"2":{"name":"constructor","line":25,"loc":{"start":{"line":25,"column":2},"end":{"line":28,"column":2}}},"3":{"name":"deployDAOAndToken","line":34,"loc":{"start":{"line":34,"column":2},"end":{"line":55,"column":2}}},"4":{"name":"updateFeeAddress","line":57,"loc":{"start":{"line":57,"column":2},"end":{"line":60,"column":2}}},"5":{"name":"collectFees","line":62,"loc":{"start":{"line":62,"column":2},"end":{"line":67,"column":2}}},"6":{"name":null,"line":71,"loc":{"start":{"line":71,"column":2},"end":{"line":71,"column":31}}}},"statementMap":{"1":{"start":{"line":21,"column":4},"end":{"line":21,"column":63}},"2":{"start":{"line":26,"column":4},"end":{"line":26,"column":24}},"3":{"start":{"line":27,"column":4},"end":{"line":27,"column":49}},"4":{"start":{"line":46,"column":4},"end":{"line":46,"column":1350}},"5":{"start":{"line":50,"column":4},"end":{"line":50,"column":96}},"6":{"start":{"line":52,"column":4},"end":{"line":52,"column":49}},"7":{"start":{"line":53,"column":4},"end":{"line":53,"column":55}},"8":{"start":{"line":54,"column":4},"end":{"line":54,"column":41}},"9":{"start":{"line":58,"column":4},"end":{"line":58,"column":37}},"10":{"start":{"line":59,"column":4},"end":{"line":59,"column":40}},"11":{"start":{"line":63,"column":4},"end":{"line":63,"column":42}},"12":{"start":{"line":65,"column":4},"end":{"line":65,"column":30}},"13":{"start":{"line":66,"column":4},"end":{"line":66,"column":51}}},"branchMap":{"1":{"line":21,"type":"if","locations":[{"start":{"line":21,"column":4},"end":{"line":21,"column":4}},{"start":{"line":21,"column":4},"end":{"line":21,"column":4}}]}}},"src/interfaces/IElasticToken.sol":{"l":{},"path":"/mnt/d/Projects/ElasticDAO/contracts/src/interfaces/IElasticToken.sol","s":{},"b":{},"f":{},"fnMap":{},"statementMap":{},"branchMap":{}},"src/interfaces/IERC20.sol":{"l":{},"path":"/mnt/d/Projects/ElasticDAO/contracts/src/interfaces/IERC20.sol","s":{},"b":{},"f":{},"fnMap":{},"statementMap":{},"branchMap":{}},"src/libraries/ElasticMath.sol":{"l":{"16":16,"40":16,"42":16,"45":16,"48":16,"51":16,"54":16,"57":16,"60":16,"63":16,"66":16,"74":37,"92":31,"105":16,"122":1529,"132":3220,"142":548},"path":"/mnt/d/Projects/ElasticDAO/contracts/src/libraries/ElasticMath.sol","s":{"1":16,"2":16,"3":16,"4":16,"5":16,"6":16,"7":16,"8":16,"9":16,"10":16,"11":16,"12":37,"13":31,"14":16,"15":1529,"16":3220,"17":548},"b":{},"f":{"1":16,"2":16,"3":37,"4":31,"5":16,"6":1529,"7":3220,"8":548},"fnMap":{"1":{"name":"capitalDelta","line":11,"loc":{"start":{"line":11,"column":2},"end":{"line":17,"column":2}}},"2":{"name":"deltaE","line":32,"loc":{"start":{"line":32,"column":2},"end":{"line":67,"column":2}}},"3":{"name":"lambdaFromT","line":69,"loc":{"start":{"line":69,"column":2},"end":{"line":75,"column":2}}},"4":{"name":"mDash","line":87,"loc":{"start":{"line":87,"column":2},"end":{"line":93,"column":2}}},"5":{"name":"revamp","line":104,"loc":{"start":{"line":104,"column":2},"end":{"line":106,"column":2}}},"6":{"name":"t","line":117,"loc":{"start":{"line":117,"column":2},"end":{"line":123,"column":2}}},"7":{"name":"wmul","line":131,"loc":{"start":{"line":131,"column":2},"end":{"line":133,"column":2}}},"8":{"name":"wdiv","line":141,"loc":{"start":{"line":141,"column":2},"end":{"line":143,"column":2}}}},"statementMap":{"1":{"start":{"line":16,"column":4},"end":{"line":16,"column":53}},"2":{"start":{"line":40,"column":4},"end":{"line":40,"column":58}},"3":{"start":{"line":42,"column":4},"end":{"line":42,"column":42}},"4":{"start":{"line":45,"column":4},"end":{"line":45,"column":34}},"5":{"start":{"line":48,"column":4},"end":{"line":48,"column":31}},"6":{"start":{"line":51,"column":4},"end":{"line":51,"column":44}},"7":{"start":{"line":54,"column":4},"end":{"line":54,"column":26}},"8":{"start":{"line":57,"column":4},"end":{"line":57,"column":35}},"9":{"start":{"line":60,"column":4},"end":{"line":60,"column":34}},"10":{"start":{"line":63,"column":4},"end":{"line":63,"column":27}},"11":{"start":{"line":66,"column":4},"end":{"line":66,"column":22}},"12":{"start":{"line":74,"column":4},"end":{"line":74,"column":30}},"13":{"start":{"line":92,"column":4},"end":{"line":92,"column":44}},"14":{"start":{"line":105,"column":4},"end":{"line":105,"column":57}},"15":{"start":{"line":122,"column":4},"end":{"line":122,"column":35}},"16":{"start":{"line":132,"column":4},"end":{"line":132,"column":90}},"17":{"start":{"line":142,"column":4},"end":{"line":142,"column":72}}},"branchMap":{}},"src/libraries/SafeMath.sol":{"l":{"29":15344,"30":15344,"32":15344,"46":108,"64":108,"65":108,"67":108,"84":4040,"85":0,"88":4040,"89":4040,"91":4040,"107":0,"127":0,"128":0,"131":0,"147":0,"167":0,"168":0,"172":16,"173":0,"175":0,"177":0,"179":16,"180":16,"181":16,"189":0},"path":"/mnt/d/Projects/ElasticDAO/contracts/src/libraries/SafeMath.sol","s":{"1":15344,"2":15344,"3":15344,"4":108,"5":108,"6":108,"7":108,"8":4040,"9":0,"10":4040,"11":4040,"12":4040,"13":0,"14":0,"15":0,"16":0,"17":0,"18":0,"19":0,"20":16,"21":0,"22":16,"23":0,"24":16,"25":0,"26":16,"27":16,"28":272,"29":16,"30":0},"b":{"1":[15344,0],"2":[108,0],"3":[0,4040],"4":[4040,0],"5":[0,0],"6":[0,0],"7":[0,16],"8":[0,16],"9":[0,16]},"f":{"1":15344,"2":108,"3":108,"4":4040,"5":0,"6":0,"7":0,"8":0,"9":16,"10":0},"fnMap":{"1":{"name":"add","line":28,"loc":{"start":{"line":28,"column":2},"end":{"line":33,"column":2}}},"2":{"name":"sub","line":45,"loc":{"start":{"line":45,"column":2},"end":{"line":47,"column":2}}},"3":{"name":"sub","line":59,"loc":{"start":{"line":59,"column":2},"end":{"line":68,"column":2}}},"4":{"name":"mul","line":80,"loc":{"start":{"line":80,"column":2},"end":{"line":92,"column":2}}},"5":{"name":"div","line":106,"loc":{"start":{"line":106,"column":2},"end":{"line":108,"column":2}}},"6":{"name":"div","line":122,"loc":{"start":{"line":122,"column":2},"end":{"line":132,"column":2}}},"7":{"name":"mod","line":146,"loc":{"start":{"line":146,"column":2},"end":{"line":148,"column":2}}},"8":{"name":"mod","line":162,"loc":{"start":{"line":162,"column":2},"end":{"line":169,"column":2}}},"9":{"name":"pow","line":171,"loc":{"start":{"line":171,"column":2},"end":{"line":183,"column":2}}},"10":{"name":"max","line":188,"loc":{"start":{"line":188,"column":2},"end":{"line":190,"column":2}}}},"statementMap":{"1":{"start":{"line":29,"column":4},"end":{"line":29,"column":21}},"2":{"start":{"line":30,"column":4},"end":{"line":30,"column":49}},"3":{"start":{"line":32,"column":4},"end":{"line":32,"column":12}},"4":{"start":{"line":46,"column":4},"end":{"line":46,"column":54}},"5":{"start":{"line":64,"column":4},"end":{"line":64,"column":32}},"6":{"start":{"line":65,"column":4},"end":{"line":65,"column":21}},"7":{"start":{"line":67,"column":4},"end":{"line":67,"column":12}},"8":{"start":{"line":84,"column":4},"end":{"line":84,"column":2356}},"9":{"start":{"line":85,"column":6},"end":{"line":85,"column":14}},"10":{"start":{"line":88,"column":4},"end":{"line":88,"column":21}},"11":{"start":{"line":89,"column":4},"end":{"line":89,"column":59}},"12":{"start":{"line":91,"column":4},"end":{"line":91,"column":12}},"13":{"start":{"line":107,"column":4},"end":{"line":107,"column":50}},"14":{"start":{"line":127,"column":4},"end":{"line":127,"column":31}},"15":{"start":{"line":128,"column":4},"end":{"line":128,"column":21}},"16":{"start":{"line":131,"column":4},"end":{"line":131,"column":12}},"17":{"start":{"line":147,"column":4},"end":{"line":147,"column":48}},"18":{"start":{"line":167,"column":4},"end":{"line":167,"column":32}},"19":{"start":{"line":168,"column":4},"end":{"line":168,"column":16}},"20":{"start":{"line":172,"column":4},"end":{"line":172,"column":5030}},"21":{"start":{"line":173,"column":6},"end":{"line":173,"column":14}},"22":{"start":{"line":174,"column":11},"end":{"line":174,"column":5078}},"23":{"start":{"line":175,"column":6},"end":{"line":175,"column":17}},"24":{"start":{"line":176,"column":11},"end":{"line":176,"column":5129}},"25":{"start":{"line":177,"column":6},"end":{"line":177,"column":14}},"26":{"start":{"line":179,"column":6},"end":{"line":179,"column":22}},"27":{"start":{"line":180,"column":6},"end":{"line":180,"column":71}},"28":{"start":{"line":180,"column":55},"end":{"line":180,"column":70}},"29":{"start":{"line":181,"column":6},"end":{"line":181,"column":14}},"30":{"start":{"line":189,"column":4},"end":{"line":189,"column":25}}},"branchMap":{"1":{"line":30,"type":"if","locations":[{"start":{"line":30,"column":4},"end":{"line":30,"column":4}},{"start":{"line":30,"column":4},"end":{"line":30,"column":4}}]},"2":{"line":64,"type":"if","locations":[{"start":{"line":64,"column":4},"end":{"line":64,"column":4}},{"start":{"line":64,"column":4},"end":{"line":64,"column":4}}]},"3":{"line":84,"type":"if","locations":[{"start":{"line":84,"column":4},"end":{"line":84,"column":4}},{"start":{"line":84,"column":4},"end":{"line":84,"column":4}}]},"4":{"line":89,"type":"if","locations":[{"start":{"line":89,"column":4},"end":{"line":89,"column":4}},{"start":{"line":89,"column":4},"end":{"line":89,"column":4}}]},"5":{"line":127,"type":"if","locations":[{"start":{"line":127,"column":4},"end":{"line":127,"column":4}},{"start":{"line":127,"column":4},"end":{"line":127,"column":4}}]},"6":{"line":167,"type":"if","locations":[{"start":{"line":167,"column":4},"end":{"line":167,"column":4}},{"start":{"line":167,"column":4},"end":{"line":167,"column":4}}]},"7":{"line":172,"type":"if","locations":[{"start":{"line":172,"column":4},"end":{"line":172,"column":4}},{"start":{"line":172,"column":4},"end":{"line":172,"column":4}}]},"8":{"line":174,"type":"if","locations":[{"start":{"line":174,"column":11},"end":{"line":174,"column":11}},{"start":{"line":174,"column":11},"end":{"line":174,"column":11}}]},"9":{"line":176,"type":"if","locations":[{"start":{"line":176,"column":11},"end":{"line":176,"column":11}},{"start":{"line":176,"column":11},"end":{"line":176,"column":11}}]}}},"src/models/DAO.sol":{"l":{"32":2496,"33":2496,"35":2496,"36":2496,"37":2496,"38":2496,"41":2496,"50":2,"54":1008,"64":790,"72":748,"77":748,"78":748,"79":748,"81":748,"82":412,"83":1236,"84":1236,"88":748,"92":2498},"path":"/mnt/d/Projects/ElasticDAO/contracts/src/models/DAO.sol","s":{"1":2496,"2":2496,"3":2496,"4":2496,"5":2496,"6":2496,"7":2496,"8":2,"9":1008,"10":790,"11":748,"12":748,"13":748,"14":748,"15":748,"16":412,"17":1236,"18":1236,"19":748,"20":2498},"b":{"1":[2496,0],"2":[748,0],"3":[412,336]},"f":{"1":2496,"2":2,"3":1008,"4":790,"5":748,"6":2498},"fnMap":{"1":{"name":"deserialize","line":27,"loc":{"start":{"line":27,"column":2},"end":{"line":42,"column":2}}},"2":{"name":"exists","line":49,"loc":{"start":{"line":49,"column":2},"end":{"line":51,"column":2}}},"3":{"name":"getSummoner","line":53,"loc":{"start":{"line":53,"column":2},"end":{"line":55,"column":2}}},"4":{"name":"isSummoner","line":63,"loc":{"start":{"line":63,"column":2},"end":{"line":65,"column":2}}},"5":{"name":"serialize","line":71,"loc":{"start":{"line":71,"column":2},"end":{"line":89,"column":2}}},"6":{"name":"_exists","line":91,"loc":{"start":{"line":91,"column":2},"end":{"line":93,"column":2}}}},"statementMap":{"1":{"start":{"line":32,"column":4},"end":{"line":32,"column":22}},"2":{"start":{"line":33,"column":4},"end":{"line":33,"column":32}},"3":{"start":{"line":35,"column":4},"end":{"line":35,"column":903}},"4":{"start":{"line":36,"column":6},"end":{"line":36,"column":66}},"5":{"start":{"line":37,"column":6},"end":{"line":37,"column":90}},"6":{"start":{"line":38,"column":6},"end":{"line":38,"column":72}},"7":{"start":{"line":41,"column":4},"end":{"line":41,"column":17}},"8":{"start":{"line":50,"column":4},"end":{"line":50,"column":25}},"9":{"start":{"line":54,"column":4},"end":{"line":54,"column":76}},"10":{"start":{"line":64,"column":4},"end":{"line":64,"column":82}},"11":{"start":{"line":72,"column":4},"end":{"line":72,"column":2126}},"12":{"start":{"line":77,"column":4},"end":{"line":77,"column":69}},"13":{"start":{"line":78,"column":4},"end":{"line":78,"column":93}},"14":{"start":{"line":79,"column":4},"end":{"line":79,"column":75}},"15":{"start":{"line":81,"column":4},"end":{"line":81,"column":2514}},"16":{"start":{"line":82,"column":6},"end":{"line":82,"column":2581}},"17":{"start":{"line":83,"column":8},"end":{"line":83,"column":89}},"18":{"start":{"line":84,"column":8},"end":{"line":84,"column":90}},"19":{"start":{"line":88,"column":4},"end":{"line":88,"column":62}},"20":{"start":{"line":92,"column":4},"end":{"line":92,"column":58}}},"branchMap":{"1":{"line":35,"type":"if","locations":[{"start":{"line":35,"column":4},"end":{"line":35,"column":4}},{"start":{"line":35,"column":4},"end":{"line":35,"column":4}}]},"2":{"line":72,"type":"if","locations":[{"start":{"line":72,"column":4},"end":{"line":72,"column":4}},{"start":{"line":72,"column":4},"end":{"line":72,"column":4}}]},"3":{"line":81,"type":"if","locations":[{"start":{"line":81,"column":4},"end":{"line":81,"column":4}},{"start":{"line":81,"column":4},"end":{"line":81,"column":4}}]}}},"src/models/Ecosystem.sol":{"l":{"33":9446,"34":9446,"35":9446,"38":9446,"41":9446,"42":9446,"45":9446,"48":9446,"53":9446,"62":1,"70":830,"72":830,"79":830,"83":830,"84":830,"88":830,"92":830,"97":830,"101":10277},"path":"/mnt/d/Projects/ElasticDAO/contracts/src/models/Ecosystem.sol","s":{"1":9446,"2":9446,"3":9446,"4":9446,"5":9446,"6":9446,"7":9446,"8":9446,"9":9446,"10":1,"11":830,"12":830,"13":830,"14":830,"15":830,"16":830,"17":830,"18":830,"19":10277},"b":{"1":[9446,0],"2":[830,0]},"f":{"1":9446,"2":1,"3":830,"4":10277},"fnMap":{"1":{"name":"deserialize","line":32,"loc":{"start":{"line":32,"column":2},"end":{"line":54,"column":2}}},"2":{"name":"exists","line":61,"loc":{"start":{"line":61,"column":2},"end":{"line":63,"column":2}}},"3":{"name":"serialize","line":69,"loc":{"start":{"line":69,"column":2},"end":{"line":98,"column":2}}},"4":{"name":"_exists","line":100,"loc":{"start":{"line":100,"column":2},"end":{"line":102,"column":2}}}},"statementMap":{"1":{"start":{"line":33,"column":4},"end":{"line":33,"column":1065}},"2":{"start":{"line":34,"column":6},"end":{"line":34,"column":36}},"3":{"start":{"line":35,"column":6},"end":{"line":35,"column":1140}},"4":{"start":{"line":38,"column":6},"end":{"line":38,"column":1268}},"5":{"start":{"line":41,"column":6},"end":{"line":41,"column":49}},"6":{"start":{"line":42,"column":6},"end":{"line":42,"column":1440}},"7":{"start":{"line":45,"column":6},"end":{"line":45,"column":1574}},"8":{"start":{"line":48,"column":6},"end":{"line":48,"column":1710}},"9":{"start":{"line":53,"column":4},"end":{"line":53,"column":17}},"10":{"start":{"line":62,"column":4},"end":{"line":62,"column":31}},"11":{"start":{"line":70,"column":4},"end":{"line":70,"column":50}},"12":{"start":{"line":72,"column":4},"end":{"line":72,"column":2306}},"13":{"start":{"line":79,"column":4},"end":{"line":79,"column":2513}},"14":{"start":{"line":83,"column":4},"end":{"line":83,"column":98}},"15":{"start":{"line":84,"column":4},"end":{"line":84,"column":2741}},"16":{"start":{"line":88,"column":4},"end":{"line":88,"column":2874}},"17":{"start":{"line":92,"column":4},"end":{"line":92,"column":3009}},"18":{"start":{"line":97,"column":4},"end":{"line":97,"column":68}},"19":{"start":{"line":101,"column":4},"end":{"line":101,"column":64}}},"branchMap":{"1":{"line":33,"type":"if","locations":[{"start":{"line":33,"column":4},"end":{"line":33,"column":4}},{"start":{"line":33,"column":4},"end":{"line":33,"column":4}}]},"2":{"line":72,"type":"if","locations":[{"start":{"line":72,"column":4},"end":{"line":72,"column":4}},{"start":{"line":72,"column":4},"end":{"line":72,"column":4}}]}}},"src/models/EternalModel.sol":{"l":{"30":37132,"37":10550,"44":48238,"51":24078,"58":0,"65":0,"77":18056,"85":4616,"93":5386,"101":7000,"109":0,"117":0,"128":0,"135":0,"142":0,"149":0,"156":0,"163":0},"path":"/mnt/d/Projects/ElasticDAO/contracts/src/models/EternalModel.sol","s":{"1":37132,"2":10550,"3":48238,"4":24078,"5":0,"6":0,"7":18056,"8":4616,"9":5386,"10":7000,"11":0,"12":0},"b":{},"f":{"1":37132,"2":10550,"3":48238,"4":24078,"5":0,"6":0,"7":18056,"8":4616,"9":5386,"10":7000,"11":0,"12":0,"13":0,"14":0,"15":0,"16":0,"17":0,"18":0},"fnMap":{"1":{"name":"getUint","line":29,"loc":{"start":{"line":29,"column":2},"end":{"line":31,"column":2}}},"2":{"name":"getString","line":36,"loc":{"start":{"line":36,"column":2},"end":{"line":38,"column":2}}},"3":{"name":"getAddress","line":43,"loc":{"start":{"line":43,"column":2},"end":{"line":45,"column":2}}},"4":{"name":"getBool","line":50,"loc":{"start":{"line":50,"column":2},"end":{"line":52,"column":2}}},"5":{"name":"getInt","line":57,"loc":{"start":{"line":57,"column":2},"end":{"line":59,"column":2}}},"6":{"name":"getBytes","line":64,"loc":{"start":{"line":64,"column":2},"end":{"line":66,"column":2}}},"7":{"name":"setUint","line":76,"loc":{"start":{"line":76,"column":2},"end":{"line":78,"column":2}}},"8":{"name":"setString","line":84,"loc":{"start":{"line":84,"column":2},"end":{"line":86,"column":2}}},"9":{"name":"setAddress","line":92,"loc":{"start":{"line":92,"column":2},"end":{"line":94,"column":2}}},"10":{"name":"setBool","line":100,"loc":{"start":{"line":100,"column":2},"end":{"line":102,"column":2}}},"11":{"name":"setInt","line":108,"loc":{"start":{"line":108,"column":2},"end":{"line":110,"column":2}}},"12":{"name":"setBytes","line":116,"loc":{"start":{"line":116,"column":2},"end":{"line":118,"column":2}}},"13":{"name":"deleteUint","line":127,"loc":{"start":{"line":127,"column":2},"end":{"line":129,"column":2}}},"14":{"name":"deleteString","line":134,"loc":{"start":{"line":134,"column":2},"end":{"line":136,"column":2}}},"15":{"name":"deleteAddress","line":141,"loc":{"start":{"line":141,"column":2},"end":{"line":143,"column":2}}},"16":{"name":"deleteBool","line":148,"loc":{"start":{"line":148,"column":2},"end":{"line":150,"column":2}}},"17":{"name":"deleteInt","line":155,"loc":{"start":{"line":155,"column":2},"end":{"line":157,"column":2}}},"18":{"name":"deleteBytes","line":162,"loc":{"start":{"line":162,"column":2},"end":{"line":164,"column":2}}}},"statementMap":{"1":{"start":{"line":30,"column":4},"end":{"line":30,"column":30}},"2":{"start":{"line":37,"column":4},"end":{"line":37,"column":32}},"3":{"start":{"line":44,"column":4},"end":{"line":44,"column":33}},"4":{"start":{"line":51,"column":4},"end":{"line":51,"column":30}},"5":{"start":{"line":58,"column":4},"end":{"line":58,"column":29}},"6":{"start":{"line":65,"column":4},"end":{"line":65,"column":31}},"7":{"start":{"line":77,"column":4},"end":{"line":77,"column":31}},"8":{"start":{"line":85,"column":4},"end":{"line":85,"column":33}},"9":{"start":{"line":93,"column":4},"end":{"line":93,"column":34}},"10":{"start":{"line":101,"column":4},"end":{"line":101,"column":31}},"11":{"start":{"line":109,"column":4},"end":{"line":109,"column":30}},"12":{"start":{"line":117,"column":4},"end":{"line":117,"column":32}}},"branchMap":{}},"src/models/Token.sol":{"l":{"42":4031,"43":4031,"45":4031,"46":4027,"47":4027,"48":4027,"49":4027,"50":4027,"51":4027,"52":4027,"53":4027,"54":4027,"55":4027,"58":4031,"62":451,"66":1544,"68":1544,"69":1544,"77":1934,"84":1934,"85":1934,"86":1934,"87":1933,"88":1933,"89":1927,"90":1927,"91":1900,"93":1894,"99":1122,"103":4897},"path":"/mnt/d/Projects/ElasticDAO/contracts/src/models/Token.sol","s":{"1":4031,"2":4031,"3":4031,"4":4027,"5":4027,"6":4027,"7":4027,"8":4027,"9":4027,"10":4027,"11":4027,"12":4027,"13":4027,"14":4031,"15":451,"16":1544,"17":1544,"18":1544,"19":1934,"20":1934,"21":1934,"22":1934,"23":1933,"24":1933,"25":1927,"26":1927,"27":1900,"28":1894,"29":1122,"30":4897},"b":{"1":[4027,4],"2":[1544,0],"3":[1934,0]},"f":{"1":4031,"2":451,"3":1544,"4":1934,"5":1122,"6":4897},"fnMap":{"1":{"name":"deserialize","line":37,"loc":{"start":{"line":37,"column":2},"end":{"line":59,"column":2}}},"2":{"name":"exists","line":61,"loc":{"start":{"line":61,"column":2},"end":{"line":63,"column":2}}},"3":{"name":"incrementCounter","line":65,"loc":{"start":{"line":65,"column":2},"end":{"line":70,"column":2}}},"4":{"name":"serialize","line":76,"loc":{"start":{"line":76,"column":2},"end":{"line":94,"column":2}}},"5":{"name":"updateNumberOfTokenHolders","line":96,"loc":{"start":{"line":96,"column":2},"end":{"line":100,"column":2}}},"6":{"name":"_exists","line":102,"loc":{"start":{"line":102,"column":2},"end":{"line":104,"column":2}}}},"statementMap":{"1":{"start":{"line":42,"column":4},"end":{"line":42,"column":22}},"2":{"start":{"line":43,"column":4},"end":{"line":43,"column":32}},"3":{"start":{"line":45,"column":4},"end":{"line":45,"column":1269}},"4":{"start":{"line":46,"column":6},"end":{"line":46,"column":70}},"5":{"start":{"line":47,"column":6},"end":{"line":47,"column":64}},"6":{"start":{"line":48,"column":6},"end":{"line":48,"column":76}},"7":{"start":{"line":49,"column":6},"end":{"line":49,"column":58}},"8":{"start":{"line":50,"column":6},"end":{"line":50,"column":68}},"9":{"start":{"line":51,"column":6},"end":{"line":51,"column":58}},"10":{"start":{"line":52,"column":6},"end":{"line":52,"column":90}},"11":{"start":{"line":53,"column":6},"end":{"line":53,"column":66}},"12":{"start":{"line":54,"column":6},"end":{"line":54,"column":96}},"13":{"start":{"line":55,"column":6},"end":{"line":55,"column":70}},"14":{"start":{"line":58,"column":4},"end":{"line":58,"column":17}},"15":{"start":{"line":62,"column":4},"end":{"line":62,"column":25}},"16":{"start":{"line":66,"column":4},"end":{"line":66,"column":65}},"17":{"start":{"line":68,"column":4},"end":{"line":68,"column":76}},"18":{"start":{"line":69,"column":4},"end":{"line":69,"column":83}},"19":{"start":{"line":77,"column":4},"end":{"line":77,"column":2629}},"20":{"start":{"line":84,"column":4},"end":{"line":84,"column":69}},"21":{"start":{"line":85,"column":4},"end":{"line":85,"column":73}},"22":{"start":{"line":86,"column":4},"end":{"line":86,"column":67}},"23":{"start":{"line":87,"column":4},"end":{"line":87,"column":79}},"24":{"start":{"line":88,"column":4},"end":{"line":88,"column":61}},"25":{"start":{"line":89,"column":4},"end":{"line":89,"column":71}},"26":{"start":{"line":90,"column":4},"end":{"line":90,"column":61}},"27":{"start":{"line":91,"column":4},"end":{"line":91,"column":93}},"28":{"start":{"line":93,"column":4},"end":{"line":93,"column":62}},"29":{"start":{"line":99,"column":4},"end":{"line":99,"column":92}},"30":{"start":{"line":103,"column":4},"end":{"line":103,"column":58}}},"branchMap":{"1":{"line":45,"type":"if","locations":[{"start":{"line":45,"column":4},"end":{"line":45,"column":4}},{"start":{"line":45,"column":4},"end":{"line":45,"column":4}}]},"2":{"line":66,"type":"if","locations":[{"start":{"line":66,"column":4},"end":{"line":66,"column":4}},{"start":{"line":66,"column":4},"end":{"line":66,"column":4}}]},"3":{"line":77,"type":"if","locations":[{"start":{"line":77,"column":4},"end":{"line":77,"column":4}},{"start":{"line":77,"column":4},"end":{"line":77,"column":4}}]}}},"src/models/TokenHolder.sol":{"l":{"30":1560,"31":1560,"32":1560,"34":1560,"35":1560,"36":1560,"37":1560,"39":1560,"40":438,"41":438,"44":1560,"48":0,"49":0,"51":0,"59":1544,"61":1544,"62":1544,"64":1544,"68":3120},"path":"/mnt/d/Projects/ElasticDAO/contracts/src/models/TokenHolder.sol","s":{"1":1560,"2":1560,"3":1560,"4":1560,"5":1560,"6":1560,"7":1560,"8":1560,"9":438,"10":438,"11":1560,"12":0,"13":0,"14":0,"15":1544,"16":1544,"17":1544,"18":1544,"19":3120},"b":{"1":[438,1122],"2":[1544,0]},"f":{"1":1560,"2":0,"3":1544,"4":3120},"fnMap":{"1":{"name":"deserialize","line":25,"loc":{"start":{"line":25,"column":2},"end":{"line":45,"column":2}}},"2":{"name":"exists","line":47,"loc":{"start":{"line":47,"column":2},"end":{"line":52,"column":2}}},"3":{"name":"serialize","line":58,"loc":{"start":{"line":58,"column":2},"end":{"line":65,"column":2}}},"4":{"name":"_exists","line":67,"loc":{"start":{"line":67,"column":2},"end":{"line":69,"column":2}}}},"statementMap":{"1":{"start":{"line":30,"column":4},"end":{"line":30,"column":28}},"2":{"start":{"line":31,"column":4},"end":{"line":31,"column":32}},"3":{"start":{"line":32,"column":4},"end":{"line":32,"column":24}},"4":{"start":{"line":34,"column":4},"end":{"line":34,"column":36}},"5":{"start":{"line":35,"column":4},"end":{"line":35,"column":45}},"6":{"start":{"line":36,"column":4},"end":{"line":36,"column":37}},"7":{"start":{"line":37,"column":4},"end":{"line":37,"column":33}},"8":{"start":{"line":39,"column":4},"end":{"line":39,"column":1197}},"9":{"start":{"line":40,"column":6},"end":{"line":40,"column":98}},"10":{"start":{"line":41,"column":6},"end":{"line":41,"column":96}},"11":{"start":{"line":44,"column":4},"end":{"line":44,"column":17}},"12":{"start":{"line":48,"column":4},"end":{"line":48,"column":24}},"13":{"start":{"line":49,"column":4},"end":{"line":49,"column":45}},"14":{"start":{"line":51,"column":4},"end":{"line":51,"column":36}},"15":{"start":{"line":59,"column":4},"end":{"line":59,"column":71}},"16":{"start":{"line":61,"column":4},"end":{"line":61,"column":95}},"17":{"start":{"line":62,"column":4},"end":{"line":62,"column":93}},"18":{"start":{"line":64,"column":4},"end":{"line":64,"column":84}},"19":{"start":{"line":68,"column":4},"end":{"line":68,"column":74}}},"branchMap":{"1":{"line":39,"type":"if","locations":[{"start":{"line":39,"column":4},"end":{"line":39,"column":4}},{"start":{"line":39,"column":4},"end":{"line":39,"column":4}}]},"2":{"line":59,"type":"if","locations":[{"start":{"line":59,"column":4},"end":{"line":59,"column":4}},{"start":{"line":59,"column":4},"end":{"line":59,"column":4}}]}}},"src/services/Configurator.sol":{"l":{"30":412,"31":412,"32":412,"33":412,"34":412,"35":412,"36":412,"37":412,"38":412,"50":412,"52":412,"55":412,"56":412,"57":412,"58":412,"61":412,"63":412,"64":412,"89":442,"90":442,"91":442,"92":442,"93":442,"94":442,"95":442,"96":442,"97":442,"98":442,"99":442,"101":415,"102":415,"103":415,"105":341},"path":"/mnt/d/Projects/ElasticDAO/contracts/src/services/Configurator.sol","s":{"1":412,"2":412,"3":412,"4":412,"5":412,"6":412,"7":412,"8":412,"9":412,"10":412,"11":412,"12":412,"13":412,"14":412,"15":412,"16":412,"17":412,"18":412,"19":442,"20":442,"21":442,"22":442,"23":442,"24":442,"25":442,"26":442,"27":442,"28":442,"29":442,"30":415,"31":415,"32":415,"33":341},"b":{},"f":{"1":412,"2":412,"3":442},"fnMap":{"1":{"name":"buildDAO","line":24,"loc":{"start":{"line":24,"column":2},"end":{"line":39,"column":2}}},"2":{"name":"buildEcosystem","line":46,"loc":{"start":{"line":46,"column":2},"end":{"line":65,"column":2}}},"3":{"name":"buildToken","line":80,"loc":{"start":{"line":80,"column":2},"end":{"line":106,"column":2}}}},"statementMap":{"1":{"start":{"line":30,"column":4},"end":{"line":30,"column":52}},"2":{"start":{"line":31,"column":4},"end":{"line":31,"column":24}},"3":{"start":{"line":32,"column":4},"end":{"line":32,"column":29}},"4":{"start":{"line":33,"column":4},"end":{"line":33,"column":19}},"5":{"start":{"line":34,"column":4},"end":{"line":34,"column":45}},"6":{"start":{"line":35,"column":4},"end":{"line":35,"column":23}},"7":{"start":{"line":36,"column":4},"end":{"line":36,"column":29}},"8":{"start":{"line":37,"column":4},"end":{"line":37,"column":28}},"9":{"start":{"line":38,"column":4},"end":{"line":38,"column":14}},"10":{"start":{"line":50,"column":4},"end":{"line":50,"column":74}},"11":{"start":{"line":52,"column":4},"end":{"line":52,"column":36}},"12":{"start":{"line":55,"column":4},"end":{"line":55,"column":55}},"13":{"start":{"line":56,"column":4},"end":{"line":56,"column":67}},"14":{"start":{"line":57,"column":4},"end":{"line":57,"column":71}},"15":{"start":{"line":58,"column":4},"end":{"line":58,"column":59}},"16":{"start":{"line":61,"column":4},"end":{"line":61,"column":63}},"17":{"start":{"line":63,"column":4},"end":{"line":63,"column":40}},"18":{"start":{"line":64,"column":4},"end":{"line":64,"column":20}},"19":{"start":{"line":89,"column":4},"end":{"line":89,"column":60}},"20":{"start":{"line":90,"column":4},"end":{"line":90,"column":21}},"21":{"start":{"line":91,"column":4},"end":{"line":91,"column":31}},"22":{"start":{"line":92,"column":4},"end":{"line":92,"column":33}},"23":{"start":{"line":93,"column":4},"end":{"line":93,"column":15}},"24":{"start":{"line":94,"column":4},"end":{"line":94,"column":19}},"25":{"start":{"line":95,"column":4},"end":{"line":95,"column":32}},"26":{"start":{"line":96,"column":4},"end":{"line":96,"column":47}},"27":{"start":{"line":97,"column":4},"end":{"line":97,"column":21}},"28":{"start":{"line":98,"column":4},"end":{"line":98,"column":25}},"29":{"start":{"line":99,"column":4},"end":{"line":99,"column":97}},"30":{"start":{"line":101,"column":4},"end":{"line":101,"column":49}},"31":{"start":{"line":102,"column":4},"end":{"line":102,"column":68}},"32":{"start":{"line":103,"column":4},"end":{"line":103,"column":32}},"33":{"start":{"line":105,"column":4},"end":{"line":105,"column":16}}},"branchMap":{}},"src/tokens/ElasticGovernanceToken.sol":{"l":{"28":706,"29":706,"33":29,"34":28,"38":1477,"39":1476,"43":442,"44":442,"45":442,"46":442,"59":3,"78":6,"79":6,"88":13,"89":13,"90":13,"92":13,"101":1,"102":1,"106":2,"107":2,"108":2,"109":2,"111":2,"112":1,"114":1,"130":14,"131":12,"146":14,"147":14,"155":1,"165":3,"167":3,"169":3,"170":3,"180":6,"181":6,"191":3,"193":3,"208":1473,"209":1411,"217":1,"221":1,"225":353,"229":353,"238":1,"251":18,"252":18,"256":1,"257":1,"269":6,"270":6,"288":14,"290":14,"292":13,"293":13,"295":13,"298":11,"308":15,"309":15,"311":15,"313":15,"317":14,"318":14,"319":14,"323":28,"324":28,"325":28,"326":28,"327":28,"329":28,"331":28,"332":28,"334":28,"335":28,"336":26,"340":3,"341":3,"342":3,"346":1476,"347":1476,"348":1476,"349":1476,"350":1476,"352":1476,"354":1476,"356":1476,"357":1476,"359":1476,"360":1476,"361":1475,"363":1445,"371":20,"372":20,"373":20,"375":20,"376":20,"377":20,"378":20,"380":20,"381":20,"383":20,"384":20,"386":20,"387":20,"388":20,"389":19,"390":19,"392":19,"401":1544,"403":1544,"404":1544,"406":1544,"407":1496,"409":48,"412":1544,"414":1544,"423":1539,"424":1122,"427":1509,"428":0,"435":4682,"439":1560,"440":1560,"449":54,"450":54},"path":"/mnt/d/Projects/ElasticDAO/contracts/src/tokens/ElasticGovernanceToken.sol","s":{"1":706,"2":29,"3":1477,"4":442,"5":442,"6":442,"7":442,"8":3,"9":6,"10":6,"11":13,"12":13,"13":13,"14":13,"15":1,"16":1,"17":2,"18":2,"19":2,"20":2,"21":2,"22":1,"23":1,"24":14,"25":12,"26":14,"27":14,"28":1,"29":3,"30":3,"31":3,"32":3,"33":6,"34":6,"35":3,"36":3,"37":1473,"38":1411,"39":1,"40":1,"41":353,"42":353,"43":1,"44":18,"45":18,"46":1,"47":1,"48":6,"49":6,"50":14,"51":14,"52":13,"53":13,"54":13,"55":11,"56":15,"57":15,"58":15,"59":15,"60":14,"61":14,"62":14,"63":28,"64":28,"65":28,"66":28,"67":28,"68":28,"69":28,"70":28,"71":28,"72":28,"73":26,"74":3,"75":3,"76":3,"77":1476,"78":1476,"79":1476,"80":1476,"81":1476,"82":1476,"83":1476,"84":1476,"85":1476,"86":1476,"87":1476,"88":1475,"89":1445,"90":20,"91":20,"92":20,"93":20,"94":20,"95":20,"96":20,"97":20,"98":20,"99":20,"100":20,"101":20,"102":20,"103":20,"104":19,"105":19,"106":19,"107":1544,"108":1544,"109":1544,"110":1544,"111":1496,"112":48,"113":1544,"114":1544,"115":1539,"116":1122,"117":1509,"118":0,"119":4682,"120":1560,"121":1560,"122":54,"123":54},"b":{"1":[706,0],"2":[28,1],"3":[1476,1],"4":[1,1],"5":[3,0],"6":[14,0],"7":[13,0],"8":[15,0],"9":[15,0],"10":[1496,48],"11":[1122,417],"12":[0,1509]},"f":{"1":706,"2":29,"3":1477,"4":442,"5":3,"6":6,"7":13,"8":1,"9":2,"10":14,"11":14,"12":1,"13":3,"14":6,"15":3,"16":1473,"17":1,"18":1,"19":353,"20":353,"21":1,"22":18,"23":1,"24":6,"25":14,"26":15,"27":14,"28":28,"29":3,"30":1476,"31":20,"32":1544,"33":1539,"34":4682,"35":1560,"36":54},"fnMap":{"1":{"name":"onlyDAO","line":27,"loc":{"start":{"line":27,"column":2},"end":{"line":30,"column":2}}},"2":{"name":"onlyDAOorBurner","line":32,"loc":{"start":{"line":32,"column":2},"end":{"line":35,"column":2}}},"3":{"name":"onlyDAOorMinter","line":37,"loc":{"start":{"line":37,"column":2},"end":{"line":40,"column":2}}},"4":{"name":"constructor","line":42,"loc":{"start":{"line":42,"column":2},"end":{"line":47,"column":2}}},"5":{"name":"allowance","line":58,"loc":{"start":{"line":58,"column":2},"end":{"line":60,"column":2}}},"6":{"name":"approve","line":77,"loc":{"start":{"line":77,"column":2},"end":{"line":80,"column":2}}},"7":{"name":"balanceOf","line":87,"loc":{"start":{"line":87,"column":2},"end":{"line":93,"column":2}}},"8":{"name":"balanceOfInShares","line":100,"loc":{"start":{"line":100,"column":2},"end":{"line":103,"column":2}}},"9":{"name":"balanceOfVoting","line":105,"loc":{"start":{"line":105,"column":2},"end":{"line":116,"column":2}}},"10":{"name":"burn","line":127,"loc":{"start":{"line":124,"column":2},"end":{"line":132,"column":2}}},"11":{"name":"burnShares","line":143,"loc":{"start":{"line":140,"column":2},"end":{"line":148,"column":2}}},"12":{"name":"decimals","line":154,"loc":{"start":{"line":154,"column":2},"end":{"line":156,"column":2}}},"13":{"name":"decreaseAllowance","line":164,"loc":{"start":{"line":164,"column":2},"end":{"line":171,"column":2}}},"14":{"name":"increaseAllowance","line":179,"loc":{"start":{"line":179,"column":2},"end":{"line":182,"column":2}}},"15":{"name":"mint","line":190,"loc":{"start":{"line":190,"column":2},"end":{"line":194,"column":2}}},"16":{"name":"mintShares","line":205,"loc":{"start":{"line":202,"column":2},"end":{"line":210,"column":2}}},"17":{"name":"name","line":216,"loc":{"start":{"line":216,"column":2},"end":{"line":218,"column":2}}},"18":{"name":"numberOfTokenHolders","line":220,"loc":{"start":{"line":220,"column":2},"end":{"line":222,"column":2}}},"19":{"name":"setBurner","line":224,"loc":{"start":{"line":224,"column":2},"end":{"line":226,"column":2}}},"20":{"name":"setMinter","line":228,"loc":{"start":{"line":228,"column":2},"end":{"line":230,"column":2}}},"21":{"name":"symbol","line":237,"loc":{"start":{"line":237,"column":2},"end":{"line":239,"column":2}}},"22":{"name":"totalSupply","line":250,"loc":{"start":{"line":250,"column":2},"end":{"line":253,"column":2}}},"23":{"name":"totalSupplyInShares","line":255,"loc":{"start":{"line":255,"column":2},"end":{"line":258,"column":2}}},"24":{"name":"transfer","line":268,"loc":{"start":{"line":268,"column":2},"end":{"line":271,"column":2}}},"25":{"name":"transferFrom","line":283,"loc":{"start":{"line":283,"column":2},"end":{"line":299,"column":2}}},"26":{"name":"_approve","line":303,"loc":{"start":{"line":303,"column":2},"end":{"line":314,"column":2}}},"27":{"name":"_burn","line":316,"loc":{"start":{"line":316,"column":2},"end":{"line":320,"column":2}}},"28":{"name":"_burnShares","line":322,"loc":{"start":{"line":322,"column":2},"end":{"line":337,"column":2}}},"29":{"name":"_mint","line":339,"loc":{"start":{"line":339,"column":2},"end":{"line":343,"column":2}}},"30":{"name":"_mintShares","line":345,"loc":{"start":{"line":345,"column":2},"end":{"line":364,"column":2}}},"31":{"name":"_transfer","line":366,"loc":{"start":{"line":366,"column":2},"end":{"line":393,"column":2}}},"32":{"name":"_updateBalance","line":395,"loc":{"start":{"line":395,"column":2},"end":{"line":415,"column":2}}},"33":{"name":"_updateNumberOfTokenHolders","line":417,"loc":{"start":{"line":417,"column":2},"end":{"line":430,"column":2}}},"34":{"name":"_getEcosystem","line":434,"loc":{"start":{"line":434,"column":2},"end":{"line":436,"column":2}}},"35":{"name":"_getTokenHolder","line":438,"loc":{"start":{"line":438,"column":2},"end":{"line":446,"column":2}}},"36":{"name":"_getToken","line":448,"loc":{"start":{"line":448,"column":2},"end":{"line":451,"column":2}}}},"statementMap":{"1":{"start":{"line":28,"column":4},"end":{"line":28,"column":90}},"2":{"start":{"line":33,"column":4},"end":{"line":33,"column":90}},"3":{"start":{"line":38,"column":4},"end":{"line":38,"column":90}},"4":{"start":{"line":43,"column":4},"end":{"line":43,"column":23}},"5":{"start":{"line":44,"column":4},"end":{"line":44,"column":27}},"6":{"start":{"line":45,"column":4},"end":{"line":45,"column":49}},"7":{"start":{"line":46,"column":4},"end":{"line":46,"column":23}},"8":{"start":{"line":59,"column":4},"end":{"line":59,"column":40}},"9":{"start":{"line":78,"column":4},"end":{"line":78,"column":42}},"10":{"start":{"line":79,"column":4},"end":{"line":79,"column":15}},"11":{"start":{"line":88,"column":4},"end":{"line":88,"column":45}},"12":{"start":{"line":89,"column":4},"end":{"line":89,"column":71}},"13":{"start":{"line":90,"column":4},"end":{"line":90,"column":67}},"14":{"start":{"line":92,"column":4},"end":{"line":92,"column":12}},"15":{"start":{"line":101,"column":4},"end":{"line":101,"column":71}},"16":{"start":{"line":102,"column":4},"end":{"line":102,"column":29}},"17":{"start":{"line":106,"column":4},"end":{"line":106,"column":45}},"18":{"start":{"line":107,"column":4},"end":{"line":107,"column":71}},"19":{"start":{"line":108,"column":4},"end":{"line":108,"column":59}},"20":{"start":{"line":109,"column":4},"end":{"line":109,"column":58}},"21":{"start":{"line":111,"column":4},"end":{"line":111,"column":3813}},"22":{"start":{"line":112,"column":6},"end":{"line":112,"column":61}},"23":{"start":{"line":114,"column":6},"end":{"line":114,"column":64}},"24":{"start":{"line":130,"column":4},"end":{"line":130,"column":27}},"25":{"start":{"line":131,"column":4},"end":{"line":131,"column":15}},"26":{"start":{"line":146,"column":4},"end":{"line":146,"column":33}},"27":{"start":{"line":147,"column":4},"end":{"line":147,"column":15}},"28":{"start":{"line":155,"column":4},"end":{"line":155,"column":13}},"29":{"start":{"line":165,"column":4},"end":{"line":165,"column":92}},"30":{"start":{"line":167,"column":4},"end":{"line":167,"column":74}},"31":{"start":{"line":169,"column":4},"end":{"line":169,"column":47}},"32":{"start":{"line":170,"column":4},"end":{"line":170,"column":15}},"33":{"start":{"line":180,"column":4},"end":{"line":180,"column":95}},"34":{"start":{"line":181,"column":4},"end":{"line":181,"column":15}},"35":{"start":{"line":191,"column":4},"end":{"line":191,"column":27}},"36":{"start":{"line":193,"column":4},"end":{"line":193,"column":15}},"37":{"start":{"line":208,"column":4},"end":{"line":208,"column":33}},"38":{"start":{"line":209,"column":4},"end":{"line":209,"column":15}},"39":{"start":{"line":217,"column":4},"end":{"line":217,"column":27}},"40":{"start":{"line":221,"column":4},"end":{"line":221,"column":43}},"41":{"start":{"line":225,"column":4},"end":{"line":225,"column":19}},"42":{"start":{"line":229,"column":4},"end":{"line":229,"column":19}},"43":{"start":{"line":238,"column":4},"end":{"line":238,"column":29}},"44":{"start":{"line":251,"column":4},"end":{"line":251,"column":45}},"45":{"start":{"line":252,"column":4},"end":{"line":252,"column":56}},"46":{"start":{"line":256,"column":4},"end":{"line":256,"column":45}},"47":{"start":{"line":257,"column":4},"end":{"line":257,"column":23}},"48":{"start":{"line":269,"column":4},"end":{"line":269,"column":38}},"49":{"start":{"line":270,"column":4},"end":{"line":270,"column":15}},"50":{"start":{"line":288,"column":4},"end":{"line":288,"column":97}},"51":{"start":{"line":290,"column":4},"end":{"line":290,"column":33}},"52":{"start":{"line":292,"column":4},"end":{"line":292,"column":9064}},"53":{"start":{"line":293,"column":6},"end":{"line":293,"column":91}},"54":{"start":{"line":295,"column":6},"end":{"line":295,"column":68}},"55":{"start":{"line":298,"column":4},"end":{"line":298,"column":15}},"56":{"start":{"line":308,"column":4},"end":{"line":308,"column":72}},"57":{"start":{"line":309,"column":4},"end":{"line":309,"column":72}},"58":{"start":{"line":311,"column":4},"end":{"line":311,"column":42}},"59":{"start":{"line":313,"column":4},"end":{"line":313,"column":44}},"60":{"start":{"line":317,"column":4},"end":{"line":317,"column":45}},"61":{"start":{"line":318,"column":4},"end":{"line":318,"column":76}},"62":{"start":{"line":319,"column":4},"end":{"line":319,"column":37}},"63":{"start":{"line":323,"column":4},"end":{"line":323,"column":57}},"64":{"start":{"line":324,"column":4},"end":{"line":324,"column":59}},"65":{"start":{"line":325,"column":4},"end":{"line":325,"column":84}},"66":{"start":{"line":326,"column":4},"end":{"line":326,"column":71}},"67":{"start":{"line":327,"column":4},"end":{"line":327,"column":52}},"68":{"start":{"line":329,"column":4},"end":{"line":329,"column":72}},"69":{"start":{"line":331,"column":4},"end":{"line":331,"column":58}},"70":{"start":{"line":332,"column":4},"end":{"line":332,"column":32}},"71":{"start":{"line":334,"column":4},"end":{"line":334,"column":83}},"72":{"start":{"line":335,"column":4},"end":{"line":335,"column":44}},"73":{"start":{"line":336,"column":4},"end":{"line":336,"column":84}},"74":{"start":{"line":340,"column":4},"end":{"line":340,"column":45}},"75":{"start":{"line":341,"column":4},"end":{"line":341,"column":76}},"76":{"start":{"line":342,"column":4},"end":{"line":342,"column":37}},"77":{"start":{"line":346,"column":4},"end":{"line":346,"column":57}},"78":{"start":{"line":347,"column":4},"end":{"line":347,"column":59}},"79":{"start":{"line":348,"column":4},"end":{"line":348,"column":84}},"80":{"start":{"line":349,"column":4},"end":{"line":349,"column":71}},"81":{"start":{"line":350,"column":4},"end":{"line":350,"column":52}},"82":{"start":{"line":352,"column":4},"end":{"line":352,"column":66}},"83":{"start":{"line":354,"column":4},"end":{"line":354,"column":71}},"84":{"start":{"line":356,"column":4},"end":{"line":356,"column":58}},"85":{"start":{"line":357,"column":4},"end":{"line":357,"column":32}},"86":{"start":{"line":359,"column":4},"end":{"line":359,"column":83}},"87":{"start":{"line":360,"column":4},"end":{"line":360,"column":44}},"88":{"start":{"line":361,"column":4},"end":{"line":361,"column":84}},"89":{"start":{"line":363,"column":4},"end":{"line":363,"column":47}},"90":{"start":{"line":371,"column":4},"end":{"line":371,"column":57}},"91":{"start":{"line":372,"column":4},"end":{"line":372,"column":59}},"92":{"start":{"line":373,"column":4},"end":{"line":373,"column":84}},"93":{"start":{"line":375,"column":4},"end":{"line":375,"column":72}},"94":{"start":{"line":376,"column":4},"end":{"line":376,"column":68}},"95":{"start":{"line":377,"column":4},"end":{"line":377,"column":60}},"96":{"start":{"line":378,"column":4},"end":{"line":378,"column":56}},"97":{"start":{"line":380,"column":4},"end":{"line":380,"column":76}},"98":{"start":{"line":381,"column":4},"end":{"line":381,"column":65}},"99":{"start":{"line":383,"column":4},"end":{"line":383,"column":79}},"100":{"start":{"line":384,"column":4},"end":{"line":384,"column":74}},"101":{"start":{"line":386,"column":4},"end":{"line":386,"column":83}},"102":{"start":{"line":387,"column":4},"end":{"line":387,"column":48}},"103":{"start":{"line":388,"column":4},"end":{"line":388,"column":46}},"104":{"start":{"line":389,"column":4},"end":{"line":389,"column":92}},"105":{"start":{"line":390,"column":4},"end":{"line":390,"column":88}},"106":{"start":{"line":392,"column":4},"end":{"line":392,"column":37}},"107":{"start":{"line":401,"column":4},"end":{"line":401,"column":57}},"108":{"start":{"line":403,"column":4},"end":{"line":403,"column":51}},"109":{"start":{"line":404,"column":4},"end":{"line":404,"column":63}},"110":{"start":{"line":406,"column":4},"end":{"line":406,"column":13569}},"111":{"start":{"line":407,"column":6},"end":{"line":407,"column":74}},"112":{"start":{"line":409,"column":6},"end":{"line":409,"column":74}},"113":{"start":{"line":412,"column":4},"end":{"line":412,"column":62}},"114":{"start":{"line":414,"column":4},"end":{"line":414,"column":23}},"115":{"start":{"line":423,"column":4},"end":{"line":423,"column":14049}},"116":{"start":{"line":424,"column":6},"end":{"line":424,"column":96}},"117":{"start":{"line":427,"column":4},"end":{"line":427,"column":14220}},"118":{"start":{"line":428,"column":6},"end":{"line":428,"column":96}},"119":{"start":{"line":435,"column":4},"end":{"line":435,"column":67}},"120":{"start":{"line":439,"column":4},"end":{"line":439,"column":57}},"121":{"start":{"line":440,"column":4},"end":{"line":440,"column":14723}},"122":{"start":{"line":449,"column":4},"end":{"line":449,"column":57}},"123":{"start":{"line":450,"column":4},"end":{"line":450,"column":83}}},"branchMap":{"1":{"line":28,"type":"if","locations":[{"start":{"line":28,"column":4},"end":{"line":28,"column":4}},{"start":{"line":28,"column":4},"end":{"line":28,"column":4}}]},"2":{"line":33,"type":"if","locations":[{"start":{"line":33,"column":4},"end":{"line":33,"column":4}},{"start":{"line":33,"column":4},"end":{"line":33,"column":4}}]},"3":{"line":38,"type":"if","locations":[{"start":{"line":38,"column":4},"end":{"line":38,"column":4}},{"start":{"line":38,"column":4},"end":{"line":38,"column":4}}]},"4":{"line":111,"type":"if","locations":[{"start":{"line":111,"column":4},"end":{"line":111,"column":4}},{"start":{"line":111,"column":4},"end":{"line":111,"column":4}}]},"5":{"line":167,"type":"if","locations":[{"start":{"line":167,"column":4},"end":{"line":167,"column":4}},{"start":{"line":167,"column":4},"end":{"line":167,"column":4}}]},"6":{"line":288,"type":"if","locations":[{"start":{"line":288,"column":4},"end":{"line":288,"column":4}},{"start":{"line":288,"column":4},"end":{"line":288,"column":4}}]},"7":{"line":292,"type":"if","locations":[{"start":{"line":292,"column":4},"end":{"line":292,"column":4}},{"start":{"line":292,"column":4},"end":{"line":292,"column":4}}]},"8":{"line":308,"type":"if","locations":[{"start":{"line":308,"column":4},"end":{"line":308,"column":4}},{"start":{"line":308,"column":4},"end":{"line":308,"column":4}}]},"9":{"line":309,"type":"if","locations":[{"start":{"line":309,"column":4},"end":{"line":309,"column":4}},{"start":{"line":309,"column":4},"end":{"line":309,"column":4}}]},"10":{"line":406,"type":"if","locations":[{"start":{"line":406,"column":4},"end":{"line":406,"column":4}},{"start":{"line":406,"column":4},"end":{"line":406,"column":4}}]},"11":{"line":423,"type":"if","locations":[{"start":{"line":423,"column":4},"end":{"line":423,"column":4}},{"start":{"line":423,"column":4},"end":{"line":423,"column":4}}]},"12":{"line":427,"type":"if","locations":[{"start":{"line":427,"column":4},"end":{"line":427,"column":4}},{"start":{"line":427,"column":4},"end":{"line":427,"column":4}}]}}}}