{"src/core/ElasticDAO.sol":{"l":{"24":0,"25":0,"26":0,"29":0,"30":0,"32":0,"33":0,"36":0,"37":0,"38":0,"41":0,"42":0,"45":0,"46":0,"49":0,"50":0,"51":0,"52":0,"54":0,"55":0,"58":0,"59":0,"69":0,"70":0,"71":0,"72":0,"73":0,"74":0,"76":0,"77":0,"78":0,"83":0,"84":0,"85":0,"88":0,"89":0,"91":0,"102":0,"103":0,"105":0,"116":0,"117":0,"118":0,"120":0,"124":0,"126":0,"131":0,"132":0,"141":0,"151":0,"154":0,"155":0,"158":0,"159":0,"160":0,"161":0,"164":0,"168":0,"169":0,"170":0,"171":0,"175":0,"187":0,"189":0,"190":0,"191":0,"195":0,"197":0,"198":0,"199":0,"200":0,"202":0,"204":0,"205":0,"207":0,"208":0,"214":0,"218":0,"224":0,"225":0,"229":0,"233":0,"234":0},"path":"/mnt/d/Projects/ElasticDAO/contracts/src/core/ElasticDAO.sol","s":{"1":0,"2":0,"3":0,"4":0,"5":0,"6":0,"7":0,"8":0,"9":0,"10":0,"11":0,"12":0,"13":0,"14":0,"15":0,"16":0,"17":0,"18":0,"19":0,"20":0,"21":0,"22":0,"23":0,"24":0,"25":0,"26":0,"27":0,"28":0,"29":0,"30":0,"31":0,"32":0,"33":0,"34":0,"35":0,"36":0,"37":0,"38":0,"39":0,"40":0,"41":0,"42":0,"43":0,"44":0,"45":0,"46":0,"47":0,"48":0,"49":0,"50":0,"51":0,"52":0,"53":0,"54":0,"55":0,"56":0,"57":0,"58":0,"59":0,"60":0,"61":0,"62":0,"63":0,"64":0,"65":0,"66":0,"67":0,"68":0,"69":0,"70":0,"71":0,"72":0,"73":0,"74":0,"75":0,"76":0},"b":{"1":[0,0],"2":[0,0],"3":[0,0],"4":[0,0],"5":[0,0],"6":[0,0],"7":[0,0],"8":[0,0],"9":[0,0],"10":[0,0],"11":[0,0]},"f":{"1":0,"2":0,"3":0,"4":0,"5":0,"6":0,"7":0,"8":0,"9":0,"10":0,"11":0,"12":0,"13":0,"14":0,"15":0,"16":0,"17":0,"18":0,"19":0,"20":0,"21":0},"fnMap":{"1":{"name":"onlyAfterSummoning","line":23,"loc":{"start":{"line":23,"column":2},"end":{"line":27,"column":2}}},"2":{"name":"onlyAfterTokenInitialized","line":28,"loc":{"start":{"line":28,"column":2},"end":{"line":34,"column":2}}},"3":{"name":"onlyBeforeSummoning","line":35,"loc":{"start":{"line":35,"column":2},"end":{"line":39,"column":2}}},"4":{"name":"onlyController","line":40,"loc":{"start":{"line":40,"column":2},"end":{"line":43,"column":2}}},"5":{"name":"onlyDeployer","line":44,"loc":{"start":{"line":44,"column":2},"end":{"line":47,"column":2}}},"6":{"name":"onlySummoners","line":48,"loc":{"start":{"line":48,"column":2},"end":{"line":56,"column":2}}},"7":{"name":"onlyWhenOpen","line":57,"loc":{"start":{"line":57,"column":2},"end":{"line":60,"column":2}}},"8":{"name":"constructor","line":62,"loc":{"start":{"line":62,"column":2},"end":{"line":79,"column":2}}},"9":{"name":"exit","line":81,"loc":{"start":{"line":81,"column":2},"end":{"line":92,"column":2}}},"10":{"name":"initializeToken","line":101,"loc":{"start":{"line":94,"column":2},"end":{"line":121,"column":2}}},"11":{"name":"join","line":123,"loc":{"start":{"line":123,"column":2},"end":{"line":165,"column":2}}},"12":{"name":"setController","line":167,"loc":{"start":{"line":167,"column":2},"end":{"line":172,"column":2}}},"13":{"name":"setMaxVotingLambda","line":174,"loc":{"start":{"line":174,"column":2},"end":{"line":176,"column":2}}},"14":{"name":"seedSummoning","line":185,"loc":{"start":{"line":180,"column":2},"end":{"line":192,"column":2}}},"15":{"name":"summon","line":194,"loc":{"start":{"line":194,"column":2},"end":{"line":209,"column":2}}},"16":{"name":"getDAO","line":213,"loc":{"start":{"line":213,"column":2},"end":{"line":215,"column":2}}},"17":{"name":"getEcosystem","line":217,"loc":{"start":{"line":217,"column":2},"end":{"line":219,"column":2}}},"18":{"name":"_getDAO","line":223,"loc":{"start":{"line":223,"column":2},"end":{"line":226,"column":2}}},"19":{"name":"_getEcosystem","line":228,"loc":{"start":{"line":228,"column":2},"end":{"line":230,"column":2}}},"20":{"name":"_getToken","line":232,"loc":{"start":{"line":232,"column":2},"end":{"line":236,"column":2}}},"21":{"name":null,"line":240,"loc":{"start":{"line":240,"column":2},"end":{"line":240,"column":31}}}},"statementMap":{"1":{"start":{"line":24,"column":4},"end":{"line":24,"column":39}},"2":{"start":{"line":25,"column":4},"end":{"line":25,"column":60}},"3":{"start":{"line":29,"column":4},"end":{"line":29,"column":57}},"4":{"start":{"line":30,"column":4},"end":{"line":30,"column":913}},"5":{"start":{"line":32,"column":4},"end":{"line":32,"column":77}},"6":{"start":{"line":36,"column":4},"end":{"line":36,"column":39}},"7":{"start":{"line":37,"column":4},"end":{"line":37,"column":73}},"8":{"start":{"line":41,"column":4},"end":{"line":41,"column":67}},"9":{"start":{"line":45,"column":4},"end":{"line":45,"column":63}},"10":{"start":{"line":49,"column":4},"end":{"line":49,"column":57}},"11":{"start":{"line":50,"column":4},"end":{"line":50,"column":52}},"12":{"start":{"line":51,"column":4},"end":{"line":51,"column":79}},"13":{"start":{"line":52,"column":4},"end":{"line":52,"column":64}},"14":{"start":{"line":54,"column":4},"end":{"line":54,"column":55}},"15":{"start":{"line":58,"column":4},"end":{"line":58,"column":71}},"16":{"start":{"line":69,"column":4},"end":{"line":69,"column":49}},"17":{"start":{"line":70,"column":4},"end":{"line":70,"column":27}},"18":{"start":{"line":71,"column":4},"end":{"line":71,"column":24}},"19":{"start":{"line":72,"column":4},"end":{"line":72,"column":98}},"20":{"start":{"line":73,"column":4},"end":{"line":73,"column":40}},"21":{"start":{"line":74,"column":4},"end":{"line":74,"column":25}},"22":{"start":{"line":76,"column":4},"end":{"line":76,"column":74}},"23":{"start":{"line":77,"column":4},"end":{"line":77,"column":79}},"24":{"start":{"line":78,"column":4},"end":{"line":78,"column":74}},"25":{"start":{"line":83,"column":4},"end":{"line":83,"column":45}},"26":{"start":{"line":84,"column":4},"end":{"line":84,"column":77}},"27":{"start":{"line":85,"column":4},"end":{"line":85,"column":53}},"28":{"start":{"line":88,"column":4},"end":{"line":88,"column":72}},"29":{"start":{"line":89,"column":4},"end":{"line":89,"column":86}},"30":{"start":{"line":91,"column":4},"end":{"line":91,"column":41}},"31":{"start":{"line":102,"column":4},"end":{"line":102,"column":88}},"32":{"start":{"line":103,"column":4},"end":{"line":103,"column":57}},"33":{"start":{"line":105,"column":4},"end":{"line":105,"column":3533}},"34":{"start":{"line":116,"column":4},"end":{"line":116,"column":77}},"35":{"start":{"line":117,"column":4},"end":{"line":117,"column":38}},"36":{"start":{"line":118,"column":4},"end":{"line":118,"column":38}},"37":{"start":{"line":120,"column":4},"end":{"line":120,"column":51}},"38":{"start":{"line":124,"column":4},"end":{"line":124,"column":45}},"39":{"start":{"line":126,"column":4},"end":{"line":126,"column":4117}},"40":{"start":{"line":131,"column":4},"end":{"line":131,"column":77}},"41":{"start":{"line":132,"column":4},"end":{"line":132,"column":4328}},"42":{"start":{"line":141,"column":4},"end":{"line":141,"column":4774}},"43":{"start":{"line":151,"column":4},"end":{"line":151,"column":67}},"44":{"start":{"line":154,"column":4},"end":{"line":154,"column":65}},"45":{"start":{"line":155,"column":4},"end":{"line":155,"column":72}},"46":{"start":{"line":158,"column":4},"end":{"line":158,"column":57}},"47":{"start":{"line":159,"column":4},"end":{"line":159,"column":59}},"48":{"start":{"line":160,"column":4},"end":{"line":160,"column":18}},"49":{"start":{"line":161,"column":4},"end":{"line":161,"column":32}},"50":{"start":{"line":164,"column":4},"end":{"line":164,"column":53}},"51":{"start":{"line":168,"column":4},"end":{"line":168,"column":27}},"52":{"start":{"line":169,"column":4},"end":{"line":169,"column":83}},"53":{"start":{"line":170,"column":4},"end":{"line":170,"column":38}},"54":{"start":{"line":171,"column":4},"end":{"line":171,"column":38}},"55":{"start":{"line":175,"column":4},"end":{"line":175,"column":37}},"56":{"start":{"line":187,"column":4},"end":{"line":187,"column":45}},"57":{"start":{"line":189,"column":4},"end":{"line":189,"column":30}},"58":{"start":{"line":190,"column":4},"end":{"line":190,"column":62}},"59":{"start":{"line":191,"column":4},"end":{"line":191,"column":73}},"60":{"start":{"line":195,"column":4},"end":{"line":195,"column":98}},"61":{"start":{"line":197,"column":4},"end":{"line":197,"column":57}},"62":{"start":{"line":198,"column":4},"end":{"line":198,"column":52}},"63":{"start":{"line":199,"column":4},"end":{"line":199,"column":79}},"64":{"start":{"line":200,"column":4},"end":{"line":200,"column":6717}},"65":{"start":{"line":202,"column":4},"end":{"line":202,"column":77}},"66":{"start":{"line":204,"column":4},"end":{"line":204,"column":6837}},"67":{"start":{"line":205,"column":6},"end":{"line":205,"column":76}},"68":{"start":{"line":207,"column":4},"end":{"line":207,"column":22}},"69":{"start":{"line":208,"column":4},"end":{"line":208,"column":29}},"70":{"start":{"line":214,"column":4},"end":{"line":214,"column":20}},"71":{"start":{"line":218,"column":4},"end":{"line":218,"column":26}},"72":{"start":{"line":224,"column":4},"end":{"line":224,"column":57}},"73":{"start":{"line":225,"column":4},"end":{"line":225,"column":79}},"74":{"start":{"line":229,"column":4},"end":{"line":229,"column":70}},"75":{"start":{"line":233,"column":4},"end":{"line":233,"column":57}},"76":{"start":{"line":234,"column":4},"end":{"line":234,"column":7880}}},"branchMap":{"1":{"line":25,"type":"if","locations":[{"start":{"line":25,"column":4},"end":{"line":25,"column":4}},{"start":{"line":25,"column":4},"end":{"line":25,"column":4}}]},"2":{"line":32,"type":"if","locations":[{"start":{"line":32,"column":4},"end":{"line":32,"column":4}},{"start":{"line":32,"column":4},"end":{"line":32,"column":4}}]},"3":{"line":37,"type":"if","locations":[{"start":{"line":37,"column":4},"end":{"line":37,"column":4}},{"start":{"line":37,"column":4},"end":{"line":37,"column":4}}]},"4":{"line":41,"type":"if","locations":[{"start":{"line":41,"column":4},"end":{"line":41,"column":4}},{"start":{"line":41,"column":4},"end":{"line":41,"column":4}}]},"5":{"line":45,"type":"if","locations":[{"start":{"line":45,"column":4},"end":{"line":45,"column":4}},{"start":{"line":45,"column":4},"end":{"line":45,"column":4}}]},"6":{"line":54,"type":"if","locations":[{"start":{"line":54,"column":4},"end":{"line":54,"column":4}},{"start":{"line":54,"column":4},"end":{"line":54,"column":4}}]},"7":{"line":58,"type":"if","locations":[{"start":{"line":58,"column":4},"end":{"line":58,"column":4}},{"start":{"line":58,"column":4},"end":{"line":58,"column":4}}]},"8":{"line":102,"type":"if","locations":[{"start":{"line":102,"column":4},"end":{"line":102,"column":4}},{"start":{"line":102,"column":4},"end":{"line":102,"column":4}}]},"9":{"line":126,"type":"if","locations":[{"start":{"line":126,"column":4},"end":{"line":126,"column":4}},{"start":{"line":126,"column":4},"end":{"line":126,"column":4}}]},"10":{"line":151,"type":"if","locations":[{"start":{"line":151,"column":4},"end":{"line":151,"column":4}},{"start":{"line":151,"column":4},"end":{"line":151,"column":4}}]},"11":{"line":195,"type":"if","locations":[{"start":{"line":195,"column":4},"end":{"line":195,"column":4}},{"start":{"line":195,"column":4},"end":{"line":195,"column":4}}]}}},"src/core/ElasticDAOFactory.sol":{"l":{"21":0,"22":0,"26":0,"27":0,"46":0,"50":0,"52":0,"53":0,"54":0,"58":0,"59":0,"63":0,"65":0,"66":0},"path":"/mnt/d/Projects/ElasticDAO/contracts/src/core/ElasticDAOFactory.sol","s":{"1":0,"2":0,"3":0,"4":0,"5":0,"6":0,"7":0,"8":0,"9":0,"10":0,"11":0,"12":0,"13":0},"b":{"1":[0,0]},"f":{"1":0,"2":0,"3":0,"4":0,"5":0,"6":0},"fnMap":{"1":{"name":"onlyDeployer","line":20,"loc":{"start":{"line":20,"column":2},"end":{"line":23,"column":2}}},"2":{"name":"constructor","line":25,"loc":{"start":{"line":25,"column":2},"end":{"line":28,"column":2}}},"3":{"name":"deployDAOAndToken","line":34,"loc":{"start":{"line":34,"column":2},"end":{"line":55,"column":2}}},"4":{"name":"updateFeeAddress","line":57,"loc":{"start":{"line":57,"column":2},"end":{"line":60,"column":2}}},"5":{"name":"collectFees","line":62,"loc":{"start":{"line":62,"column":2},"end":{"line":67,"column":2}}},"6":{"name":null,"line":71,"loc":{"start":{"line":71,"column":2},"end":{"line":71,"column":31}}}},"statementMap":{"1":{"start":{"line":21,"column":4},"end":{"line":21,"column":63}},"2":{"start":{"line":26,"column":4},"end":{"line":26,"column":24}},"3":{"start":{"line":27,"column":4},"end":{"line":27,"column":49}},"4":{"start":{"line":46,"column":4},"end":{"line":46,"column":1354}},"5":{"start":{"line":50,"column":4},"end":{"line":50,"column":96}},"6":{"start":{"line":52,"column":4},"end":{"line":52,"column":49}},"7":{"start":{"line":53,"column":4},"end":{"line":53,"column":55}},"8":{"start":{"line":54,"column":4},"end":{"line":54,"column":41}},"9":{"start":{"line":58,"column":4},"end":{"line":58,"column":37}},"10":{"start":{"line":59,"column":4},"end":{"line":59,"column":40}},"11":{"start":{"line":63,"column":4},"end":{"line":63,"column":42}},"12":{"start":{"line":65,"column":4},"end":{"line":65,"column":30}},"13":{"start":{"line":66,"column":4},"end":{"line":66,"column":51}}},"branchMap":{"1":{"line":21,"type":"if","locations":[{"start":{"line":21,"column":4},"end":{"line":21,"column":4}},{"start":{"line":21,"column":4},"end":{"line":21,"column":4}}]}}},"src/interfaces/IElasticToken.sol":{"l":{},"path":"/mnt/d/Projects/ElasticDAO/contracts/src/interfaces/IElasticToken.sol","s":{},"b":{},"f":{},"fnMap":{},"statementMap":{},"branchMap":{}},"src/interfaces/IERC20.sol":{"l":{},"path":"/mnt/d/Projects/ElasticDAO/contracts/src/interfaces/IERC20.sol","s":{},"b":{},"f":{},"fnMap":{},"statementMap":{},"branchMap":{}},"src/libraries/ElasticMath.sol":{"l":{"17":0,"41":0,"42":0,"43":0,"44":0,"45":0,"46":0,"48":0,"49":0,"51":0,"52":0,"54":0,"55":0,"57":0,"58":0,"60":0,"61":0,"63":0,"64":0,"66":0,"67":0,"69":0,"70":0,"72":0,"73":0,"75":0,"83":0,"101":0,"114":0,"131":0,"141":0,"151":0},"path":"/mnt/d/Projects/ElasticDAO/contracts/src/libraries/ElasticMath.sol","s":{"1":0,"2":0,"3":0,"4":0,"5":0,"6":0,"7":0,"8":0,"9":0,"10":0,"11":0,"12":0,"13":0,"14":0,"15":0,"16":0,"17":0,"18":0,"19":0,"20":0,"21":0,"22":0,"23":0,"24":0,"25":0,"26":0,"27":0,"28":0,"29":0,"30":0,"31":0,"32":0},"b":{},"f":{"1":0,"2":0,"3":0,"4":0,"5":0,"6":0,"7":0,"8":0},"fnMap":{"1":{"name":"capitalDelta","line":12,"loc":{"start":{"line":12,"column":2},"end":{"line":18,"column":2}}},"2":{"name":"deltaE","line":33,"loc":{"start":{"line":33,"column":2},"end":{"line":76,"column":2}}},"3":{"name":"lambdaFromT","line":78,"loc":{"start":{"line":78,"column":2},"end":{"line":84,"column":2}}},"4":{"name":"mDash","line":96,"loc":{"start":{"line":96,"column":2},"end":{"line":102,"column":2}}},"5":{"name":"revamp","line":113,"loc":{"start":{"line":113,"column":2},"end":{"line":115,"column":2}}},"6":{"name":"t","line":126,"loc":{"start":{"line":126,"column":2},"end":{"line":132,"column":2}}},"7":{"name":"wmul","line":140,"loc":{"start":{"line":140,"column":2},"end":{"line":142,"column":2}}},"8":{"name":"wdiv","line":150,"loc":{"start":{"line":150,"column":2},"end":{"line":152,"column":2}}}},"statementMap":{"1":{"start":{"line":17,"column":4},"end":{"line":17,"column":53}},"2":{"start":{"line":41,"column":4},"end":{"line":41,"column":54}},"3":{"start":{"line":42,"column":4},"end":{"line":42,"column":66}},"4":{"start":{"line":43,"column":4},"end":{"line":43,"column":34}},"5":{"start":{"line":44,"column":4},"end":{"line":44,"column":52}},"6":{"start":{"line":45,"column":4},"end":{"line":45,"column":44}},"7":{"start":{"line":46,"column":4},"end":{"line":46,"column":34}},"8":{"start":{"line":48,"column":4},"end":{"line":48,"column":58}},"9":{"start":{"line":49,"column":4},"end":{"line":49,"column":52}},"10":{"start":{"line":51,"column":4},"end":{"line":51,"column":42}},"11":{"start":{"line":52,"column":4},"end":{"line":52,"column":33}},"12":{"start":{"line":54,"column":4},"end":{"line":54,"column":34}},"13":{"start":{"line":55,"column":4},"end":{"line":55,"column":34}},"14":{"start":{"line":57,"column":4},"end":{"line":57,"column":31}},"15":{"start":{"line":58,"column":4},"end":{"line":58,"column":34}},"16":{"start":{"line":60,"column":4},"end":{"line":60,"column":44}},"17":{"start":{"line":61,"column":4},"end":{"line":61,"column":34}},"18":{"start":{"line":63,"column":4},"end":{"line":63,"column":26}},"19":{"start":{"line":64,"column":4},"end":{"line":64,"column":34}},"20":{"start":{"line":66,"column":4},"end":{"line":66,"column":35}},"21":{"start":{"line":67,"column":4},"end":{"line":67,"column":34}},"22":{"start":{"line":69,"column":4},"end":{"line":69,"column":34}},"23":{"start":{"line":70,"column":4},"end":{"line":70,"column":34}},"24":{"start":{"line":72,"column":4},"end":{"line":72,"column":27}},"25":{"start":{"line":73,"column":4},"end":{"line":73,"column":54}},"26":{"start":{"line":75,"column":4},"end":{"line":75,"column":22}},"27":{"start":{"line":83,"column":4},"end":{"line":83,"column":30}},"28":{"start":{"line":101,"column":4},"end":{"line":101,"column":44}},"29":{"start":{"line":114,"column":4},"end":{"line":114,"column":57}},"30":{"start":{"line":131,"column":4},"end":{"line":131,"column":35}},"31":{"start":{"line":141,"column":4},"end":{"line":141,"column":90}},"32":{"start":{"line":151,"column":4},"end":{"line":151,"column":72}}},"branchMap":{}},"src/libraries/SafeMath.sol":{"l":{"29":0,"30":0,"32":0,"46":0,"64":0,"65":0,"67":0,"84":0,"85":0,"88":0,"89":0,"91":0,"107":0,"127":0,"128":0,"131":0,"147":0,"167":0,"168":0,"172":0,"173":0,"175":0,"177":0,"179":0,"180":0,"181":0,"189":0},"path":"/mnt/d/Projects/ElasticDAO/contracts/src/libraries/SafeMath.sol","s":{"1":0,"2":0,"3":0,"4":0,"5":0,"6":0,"7":0,"8":0,"9":0,"10":0,"11":0,"12":0,"13":0,"14":0,"15":0,"16":0,"17":0,"18":0,"19":0,"20":0,"21":0,"22":0,"23":0,"24":0,"25":0,"26":0,"27":0,"28":0,"29":0,"30":0},"b":{"1":[0,0],"2":[0,0],"3":[0,0],"4":[0,0],"5":[0,0],"6":[0,0],"7":[0,0],"8":[0,0],"9":[0,0]},"f":{"1":0,"2":0,"3":0,"4":0,"5":0,"6":0,"7":0,"8":0,"9":0,"10":0},"fnMap":{"1":{"name":"add","line":28,"loc":{"start":{"line":28,"column":2},"end":{"line":33,"column":2}}},"2":{"name":"sub","line":45,"loc":{"start":{"line":45,"column":2},"end":{"line":47,"column":2}}},"3":{"name":"sub","line":59,"loc":{"start":{"line":59,"column":2},"end":{"line":68,"column":2}}},"4":{"name":"mul","line":80,"loc":{"start":{"line":80,"column":2},"end":{"line":92,"column":2}}},"5":{"name":"div","line":106,"loc":{"start":{"line":106,"column":2},"end":{"line":108,"column":2}}},"6":{"name":"div","line":122,"loc":{"start":{"line":122,"column":2},"end":{"line":132,"column":2}}},"7":{"name":"mod","line":146,"loc":{"start":{"line":146,"column":2},"end":{"line":148,"column":2}}},"8":{"name":"mod","line":162,"loc":{"start":{"line":162,"column":2},"end":{"line":169,"column":2}}},"9":{"name":"pow","line":171,"loc":{"start":{"line":171,"column":2},"end":{"line":183,"column":2}}},"10":{"name":"max","line":188,"loc":{"start":{"line":188,"column":2},"end":{"line":190,"column":2}}}},"statementMap":{"1":{"start":{"line":29,"column":4},"end":{"line":29,"column":21}},"2":{"start":{"line":30,"column":4},"end":{"line":30,"column":49}},"3":{"start":{"line":32,"column":4},"end":{"line":32,"column":12}},"4":{"start":{"line":46,"column":4},"end":{"line":46,"column":54}},"5":{"start":{"line":64,"column":4},"end":{"line":64,"column":32}},"6":{"start":{"line":65,"column":4},"end":{"line":65,"column":21}},"7":{"start":{"line":67,"column":4},"end":{"line":67,"column":12}},"8":{"start":{"line":84,"column":4},"end":{"line":84,"column":2356}},"9":{"start":{"line":85,"column":6},"end":{"line":85,"column":14}},"10":{"start":{"line":88,"column":4},"end":{"line":88,"column":21}},"11":{"start":{"line":89,"column":4},"end":{"line":89,"column":59}},"12":{"start":{"line":91,"column":4},"end":{"line":91,"column":12}},"13":{"start":{"line":107,"column":4},"end":{"line":107,"column":50}},"14":{"start":{"line":127,"column":4},"end":{"line":127,"column":31}},"15":{"start":{"line":128,"column":4},"end":{"line":128,"column":21}},"16":{"start":{"line":131,"column":4},"end":{"line":131,"column":12}},"17":{"start":{"line":147,"column":4},"end":{"line":147,"column":48}},"18":{"start":{"line":167,"column":4},"end":{"line":167,"column":32}},"19":{"start":{"line":168,"column":4},"end":{"line":168,"column":16}},"20":{"start":{"line":172,"column":4},"end":{"line":172,"column":5030}},"21":{"start":{"line":173,"column":6},"end":{"line":173,"column":14}},"22":{"start":{"line":174,"column":11},"end":{"line":174,"column":5078}},"23":{"start":{"line":175,"column":6},"end":{"line":175,"column":17}},"24":{"start":{"line":176,"column":11},"end":{"line":176,"column":5129}},"25":{"start":{"line":177,"column":6},"end":{"line":177,"column":14}},"26":{"start":{"line":179,"column":6},"end":{"line":179,"column":22}},"27":{"start":{"line":180,"column":6},"end":{"line":180,"column":71}},"28":{"start":{"line":180,"column":55},"end":{"line":180,"column":70}},"29":{"start":{"line":181,"column":6},"end":{"line":181,"column":14}},"30":{"start":{"line":189,"column":4},"end":{"line":189,"column":25}}},"branchMap":{"1":{"line":30,"type":"if","locations":[{"start":{"line":30,"column":4},"end":{"line":30,"column":4}},{"start":{"line":30,"column":4},"end":{"line":30,"column":4}}]},"2":{"line":64,"type":"if","locations":[{"start":{"line":64,"column":4},"end":{"line":64,"column":4}},{"start":{"line":64,"column":4},"end":{"line":64,"column":4}}]},"3":{"line":84,"type":"if","locations":[{"start":{"line":84,"column":4},"end":{"line":84,"column":4}},{"start":{"line":84,"column":4},"end":{"line":84,"column":4}}]},"4":{"line":89,"type":"if","locations":[{"start":{"line":89,"column":4},"end":{"line":89,"column":4}},{"start":{"line":89,"column":4},"end":{"line":89,"column":4}}]},"5":{"line":127,"type":"if","locations":[{"start":{"line":127,"column":4},"end":{"line":127,"column":4}},{"start":{"line":127,"column":4},"end":{"line":127,"column":4}}]},"6":{"line":167,"type":"if","locations":[{"start":{"line":167,"column":4},"end":{"line":167,"column":4}},{"start":{"line":167,"column":4},"end":{"line":167,"column":4}}]},"7":{"line":172,"type":"if","locations":[{"start":{"line":172,"column":4},"end":{"line":172,"column":4}},{"start":{"line":172,"column":4},"end":{"line":172,"column":4}}]},"8":{"line":174,"type":"if","locations":[{"start":{"line":174,"column":11},"end":{"line":174,"column":11}},{"start":{"line":174,"column":11},"end":{"line":174,"column":11}}]},"9":{"line":176,"type":"if","locations":[{"start":{"line":176,"column":11},"end":{"line":176,"column":11}},{"start":{"line":176,"column":11},"end":{"line":176,"column":11}}]}}},"src/models/Balance.sol":{"l":{"35":0,"36":0,"37":0,"38":0,"41":0,"42":0,"44":0,"51":0,"52":0,"53":0,"55":0,"64":0,"72":0,"74":0,"80":0,"85":0,"86":0,"87":0,"88":0,"89":0,"90":0,"91":0,"92":0},"path":"/mnt/d/Projects/ElasticDAO/contracts/src/models/Balance.sol","s":{"1":0,"2":0,"3":0,"4":0,"5":0,"6":0,"7":0,"8":0,"9":0,"10":0,"11":0,"12":0,"13":0,"14":0,"15":0,"16":0,"17":0,"18":0,"19":0,"20":0,"21":0,"22":0,"23":0},"b":{"1":[0,0]},"f":{"1":0,"2":0,"3":0},"fnMap":{"1":{"name":"deserialize","line":29,"loc":{"start":{"line":29,"column":2},"end":{"line":56,"column":2}}},"2":{"name":"exists","line":58,"loc":{"start":{"line":58,"column":2},"end":{"line":65,"column":2}}},"3":{"name":"serialize","line":71,"loc":{"start":{"line":71,"column":2},"end":{"line":95,"column":2}}}},"statementMap":{"1":{"start":{"line":35,"column":4},"end":{"line":35,"column":36}},"2":{"start":{"line":36,"column":4},"end":{"line":36,"column":32}},"3":{"start":{"line":37,"column":4},"end":{"line":37,"column":38}},"4":{"start":{"line":38,"column":4},"end":{"line":38,"column":1214}},"5":{"start":{"line":41,"column":4},"end":{"line":41,"column":24}},"6":{"start":{"line":42,"column":4},"end":{"line":42,"column":36}},"7":{"start":{"line":44,"column":4},"end":{"line":44,"column":1419}},"8":{"start":{"line":51,"column":4},"end":{"line":51,"column":36}},"9":{"start":{"line":52,"column":4},"end":{"line":52,"column":34}},"10":{"start":{"line":53,"column":4},"end":{"line":53,"column":34}},"11":{"start":{"line":55,"column":4},"end":{"line":55,"column":17}},"12":{"start":{"line":64,"column":4},"end":{"line":64,"column":15}},"13":{"start":{"line":72,"column":4},"end":{"line":72,"column":71}},"14":{"start":{"line":74,"column":4},"end":{"line":74,"column":2167}},"15":{"start":{"line":80,"column":4},"end":{"line":80,"column":2333}},"16":{"start":{"line":85,"column":4},"end":{"line":85,"column":57}},"17":{"start":{"line":86,"column":4},"end":{"line":86,"column":54}},"18":{"start":{"line":87,"column":4},"end":{"line":87,"column":50}},"19":{"start":{"line":88,"column":4},"end":{"line":88,"column":34}},"20":{"start":{"line":89,"column":4},"end":{"line":89,"column":34}},"21":{"start":{"line":90,"column":4},"end":{"line":90,"column":50}},"22":{"start":{"line":91,"column":4},"end":{"line":91,"column":42}},"23":{"start":{"line":92,"column":4},"end":{"line":92,"column":2815}}},"branchMap":{"1":{"line":72,"type":"if","locations":[{"start":{"line":72,"column":4},"end":{"line":72,"column":4}},{"start":{"line":72,"column":4},"end":{"line":72,"column":4}}]}}},"src/models/BalanceMultipliers.sol":{"l":{"31":0,"32":0,"33":0,"34":0,"35":0,"36":0,"37":0,"45":0,"53":0,"55":0,"59":0,"60":0},"path":"/mnt/d/Projects/ElasticDAO/contracts/src/models/BalanceMultipliers.sol","s":{"1":0,"2":0,"3":0,"4":0,"5":0,"6":0,"7":0,"8":0,"9":0,"10":0,"11":0,"12":0},"b":{"1":[0,0]},"f":{"1":0,"2":0,"3":0},"fnMap":{"1":{"name":"deserialize","line":26,"loc":{"start":{"line":26,"column":2},"end":{"line":38,"column":2}}},"2":{"name":"exists","line":40,"loc":{"start":{"line":40,"column":2},"end":{"line":46,"column":2}}},"3":{"name":"serialize","line":52,"loc":{"start":{"line":52,"column":2},"end":{"line":61,"column":2}}}},"statementMap":{"1":{"start":{"line":31,"column":4},"end":{"line":31,"column":36}},"2":{"start":{"line":32,"column":4},"end":{"line":32,"column":32}},"3":{"start":{"line":33,"column":4},"end":{"line":33,"column":32}},"4":{"start":{"line":34,"column":4},"end":{"line":34,"column":76}},"5":{"start":{"line":35,"column":4},"end":{"line":35,"column":76}},"6":{"start":{"line":36,"column":4},"end":{"line":36,"column":24}},"7":{"start":{"line":37,"column":4},"end":{"line":37,"column":17}},"8":{"start":{"line":45,"column":4},"end":{"line":45,"column":15}},"9":{"start":{"line":53,"column":4},"end":{"line":53,"column":90}},"10":{"start":{"line":55,"column":4},"end":{"line":55,"column":1650}},"11":{"start":{"line":59,"column":4},"end":{"line":59,"column":81}},"12":{"start":{"line":60,"column":4},"end":{"line":60,"column":81}}},"branchMap":{"1":{"line":53,"type":"if","locations":[{"start":{"line":53,"column":4},"end":{"line":53,"column":4}},{"start":{"line":53,"column":4},"end":{"line":53,"column":4}}]}}},"src/models/DAO.sol":{"l":{"32":0,"33":0,"35":0,"36":0,"37":0,"38":0,"41":0,"50":0,"54":0,"64":0,"72":0,"77":0,"78":0,"79":0,"81":0,"82":0,"83":0,"84":0,"88":0,"92":0},"path":"/mnt/d/Projects/ElasticDAO/contracts/src/models/DAO.sol","s":{"1":0,"2":0,"3":0,"4":0,"5":0,"6":0,"7":0,"8":0,"9":0,"10":0,"11":0,"12":0,"13":0,"14":0,"15":0,"16":0,"17":0,"18":0,"19":0,"20":0},"b":{"1":[0,0],"2":[0,0],"3":[0,0]},"f":{"1":0,"2":0,"3":0,"4":0,"5":0,"6":0},"fnMap":{"1":{"name":"deserialize","line":27,"loc":{"start":{"line":27,"column":2},"end":{"line":42,"column":2}}},"2":{"name":"exists","line":49,"loc":{"start":{"line":49,"column":2},"end":{"line":51,"column":2}}},"3":{"name":"getSummoner","line":53,"loc":{"start":{"line":53,"column":2},"end":{"line":55,"column":2}}},"4":{"name":"isSummoner","line":63,"loc":{"start":{"line":63,"column":2},"end":{"line":65,"column":2}}},"5":{"name":"serialize","line":71,"loc":{"start":{"line":71,"column":2},"end":{"line":89,"column":2}}},"6":{"name":"_exists","line":91,"loc":{"start":{"line":91,"column":2},"end":{"line":93,"column":2}}}},"statementMap":{"1":{"start":{"line":32,"column":4},"end":{"line":32,"column":22}},"2":{"start":{"line":33,"column":4},"end":{"line":33,"column":32}},"3":{"start":{"line":35,"column":4},"end":{"line":35,"column":903}},"4":{"start":{"line":36,"column":6},"end":{"line":36,"column":66}},"5":{"start":{"line":37,"column":6},"end":{"line":37,"column":90}},"6":{"start":{"line":38,"column":6},"end":{"line":38,"column":72}},"7":{"start":{"line":41,"column":4},"end":{"line":41,"column":17}},"8":{"start":{"line":50,"column":4},"end":{"line":50,"column":25}},"9":{"start":{"line":54,"column":4},"end":{"line":54,"column":76}},"10":{"start":{"line":64,"column":4},"end":{"line":64,"column":82}},"11":{"start":{"line":72,"column":4},"end":{"line":72,"column":2142}},"12":{"start":{"line":77,"column":4},"end":{"line":77,"column":69}},"13":{"start":{"line":78,"column":4},"end":{"line":78,"column":93}},"14":{"start":{"line":79,"column":4},"end":{"line":79,"column":75}},"15":{"start":{"line":81,"column":4},"end":{"line":81,"column":2530}},"16":{"start":{"line":82,"column":6},"end":{"line":82,"column":2597}},"17":{"start":{"line":83,"column":8},"end":{"line":83,"column":89}},"18":{"start":{"line":84,"column":8},"end":{"line":84,"column":90}},"19":{"start":{"line":88,"column":4},"end":{"line":88,"column":62}},"20":{"start":{"line":92,"column":4},"end":{"line":92,"column":58}}},"branchMap":{"1":{"line":35,"type":"if","locations":[{"start":{"line":35,"column":4},"end":{"line":35,"column":4}},{"start":{"line":35,"column":4},"end":{"line":35,"column":4}}]},"2":{"line":72,"type":"if","locations":[{"start":{"line":72,"column":4},"end":{"line":72,"column":4}},{"start":{"line":72,"column":4},"end":{"line":72,"column":4}}]},"3":{"line":81,"type":"if","locations":[{"start":{"line":81,"column":4},"end":{"line":81,"column":4}},{"start":{"line":81,"column":4},"end":{"line":81,"column":4}}]}}},"src/models/Ecosystem.sol":{"l":{"35":0,"36":0,"37":0,"40":0,"43":0,"46":0,"49":0,"50":0,"53":0,"56":0,"61":0,"70":0,"78":0,"80":0,"87":0,"91":0,"95":0,"99":0,"100":0,"104":0,"108":0,"113":0,"117":0},"path":"/mnt/d/Projects/ElasticDAO/contracts/src/models/Ecosystem.sol","s":{"1":0,"2":0,"3":0,"4":0,"5":0,"6":0,"7":0,"8":0,"9":0,"10":0,"11":0,"12":0,"13":0,"14":0,"15":0,"16":0,"17":0,"18":0,"19":0,"20":0,"21":0,"22":0,"23":0},"b":{"1":[0,0],"2":[0,0]},"f":{"1":0,"2":0,"3":0,"4":0},"fnMap":{"1":{"name":"deserialize","line":34,"loc":{"start":{"line":34,"column":2},"end":{"line":62,"column":2}}},"2":{"name":"exists","line":69,"loc":{"start":{"line":69,"column":2},"end":{"line":71,"column":2}}},"3":{"name":"serialize","line":77,"loc":{"start":{"line":77,"column":2},"end":{"line":114,"column":2}}},"4":{"name":"_exists","line":116,"loc":{"start":{"line":116,"column":2},"end":{"line":118,"column":2}}}},"statementMap":{"1":{"start":{"line":35,"column":4},"end":{"line":35,"column":1142}},"2":{"start":{"line":36,"column":6},"end":{"line":36,"column":36}},"3":{"start":{"line":37,"column":6},"end":{"line":37,"column":1217}},"4":{"start":{"line":40,"column":6},"end":{"line":40,"column":1345}},"5":{"start":{"line":43,"column":6},"end":{"line":43,"column":1495}},"6":{"start":{"line":46,"column":6},"end":{"line":46,"column":1623}},"7":{"start":{"line":49,"column":6},"end":{"line":49,"column":49}},"8":{"start":{"line":50,"column":6},"end":{"line":50,"column":1795}},"9":{"start":{"line":53,"column":6},"end":{"line":53,"column":1929}},"10":{"start":{"line":56,"column":6},"end":{"line":56,"column":2065}},"11":{"start":{"line":61,"column":4},"end":{"line":61,"column":17}},"12":{"start":{"line":70,"column":4},"end":{"line":70,"column":31}},"13":{"start":{"line":78,"column":4},"end":{"line":78,"column":50}},"14":{"start":{"line":80,"column":4},"end":{"line":80,"column":2684}},"15":{"start":{"line":87,"column":4},"end":{"line":87,"column":2891}},"16":{"start":{"line":91,"column":4},"end":{"line":91,"column":3018}},"17":{"start":{"line":95,"column":4},"end":{"line":95,"column":3167}},"18":{"start":{"line":99,"column":4},"end":{"line":99,"column":98}},"19":{"start":{"line":100,"column":4},"end":{"line":100,"column":3395}},"20":{"start":{"line":104,"column":4},"end":{"line":104,"column":3528}},"21":{"start":{"line":108,"column":4},"end":{"line":108,"column":3663}},"22":{"start":{"line":113,"column":4},"end":{"line":113,"column":68}},"23":{"start":{"line":117,"column":4},"end":{"line":117,"column":64}}},"branchMap":{"1":{"line":35,"type":"if","locations":[{"start":{"line":35,"column":4},"end":{"line":35,"column":4}},{"start":{"line":35,"column":4},"end":{"line":35,"column":4}}]},"2":{"line":80,"type":"if","locations":[{"start":{"line":80,"column":4},"end":{"line":80,"column":4}},{"start":{"line":80,"column":4},"end":{"line":80,"column":4}}]}}},"src/models/EternalModel.sol":{"l":{"30":0,"37":0,"39":0,"46":0,"53":0,"60":0,"67":0,"69":0,"81":0,"89":0,"97":0,"105":0,"113":0,"121":0,"132":0,"139":0,"141":0,"148":0,"155":0,"162":0,"169":0},"path":"/mnt/d/Projects/ElasticDAO/contracts/src/models/EternalModel.sol","s":{"1":0,"2":0,"3":0,"4":0,"5":0,"6":0,"7":0,"8":0,"9":0,"10":0,"11":0,"12":0,"13":0,"14":0,"15":0},"b":{"1":[0,0],"2":[0,0],"3":[0,0]},"f":{"1":0,"2":0,"3":0,"4":0,"5":0,"6":0,"7":0,"8":0,"9":0,"10":0,"11":0,"12":0,"13":0,"14":0,"15":0,"16":0,"17":0,"18":0},"fnMap":{"1":{"name":"getUint","line":29,"loc":{"start":{"line":29,"column":2},"end":{"line":31,"column":2}}},"2":{"name":"getString","line":36,"loc":{"start":{"line":36,"column":2},"end":{"line":40,"column":2}}},"3":{"name":"getAddress","line":45,"loc":{"start":{"line":45,"column":2},"end":{"line":47,"column":2}}},"4":{"name":"getBool","line":52,"loc":{"start":{"line":52,"column":2},"end":{"line":54,"column":2}}},"5":{"name":"getInt","line":59,"loc":{"start":{"line":59,"column":2},"end":{"line":61,"column":2}}},"6":{"name":"getBytes","line":66,"loc":{"start":{"line":66,"column":2},"end":{"line":70,"column":2}}},"7":{"name":"setUint","line":80,"loc":{"start":{"line":80,"column":2},"end":{"line":82,"column":2}}},"8":{"name":"setString","line":88,"loc":{"start":{"line":88,"column":2},"end":{"line":90,"column":2}}},"9":{"name":"setAddress","line":96,"loc":{"start":{"line":96,"column":2},"end":{"line":98,"column":2}}},"10":{"name":"setBool","line":104,"loc":{"start":{"line":104,"column":2},"end":{"line":106,"column":2}}},"11":{"name":"setInt","line":112,"loc":{"start":{"line":112,"column":2},"end":{"line":114,"column":2}}},"12":{"name":"setBytes","line":120,"loc":{"start":{"line":120,"column":2},"end":{"line":122,"column":2}}},"13":{"name":"deleteUint","line":131,"loc":{"start":{"line":131,"column":2},"end":{"line":133,"column":2}}},"14":{"name":"deleteString","line":138,"loc":{"start":{"line":138,"column":2},"end":{"line":142,"column":2}}},"15":{"name":"deleteAddress","line":147,"loc":{"start":{"line":147,"column":2},"end":{"line":149,"column":2}}},"16":{"name":"deleteBool","line":154,"loc":{"start":{"line":154,"column":2},"end":{"line":156,"column":2}}},"17":{"name":"deleteInt","line":161,"loc":{"start":{"line":161,"column":2},"end":{"line":163,"column":2}}},"18":{"name":"deleteBytes","line":168,"loc":{"start":{"line":168,"column":2},"end":{"line":170,"column":2}}}},"statementMap":{"1":{"start":{"line":30,"column":4},"end":{"line":30,"column":30}},"2":{"start":{"line":37,"column":4},"end":{"line":37,"column":52}},"3":{"start":{"line":39,"column":4},"end":{"line":39,"column":32}},"4":{"start":{"line":46,"column":4},"end":{"line":46,"column":33}},"5":{"start":{"line":53,"column":4},"end":{"line":53,"column":30}},"6":{"start":{"line":60,"column":4},"end":{"line":60,"column":29}},"7":{"start":{"line":67,"column":4},"end":{"line":67,"column":52}},"8":{"start":{"line":69,"column":4},"end":{"line":69,"column":31}},"9":{"start":{"line":81,"column":4},"end":{"line":81,"column":31}},"10":{"start":{"line":89,"column":4},"end":{"line":89,"column":33}},"11":{"start":{"line":97,"column":4},"end":{"line":97,"column":34}},"12":{"start":{"line":105,"column":4},"end":{"line":105,"column":31}},"13":{"start":{"line":113,"column":4},"end":{"line":113,"column":30}},"14":{"start":{"line":121,"column":4},"end":{"line":121,"column":32}},"15":{"start":{"line":139,"column":4},"end":{"line":139,"column":52}}},"branchMap":{"1":{"line":37,"type":"if","locations":[{"start":{"line":37,"column":4},"end":{"line":37,"column":4}},{"start":{"line":37,"column":4},"end":{"line":37,"column":4}}]},"2":{"line":67,"type":"if","locations":[{"start":{"line":67,"column":4},"end":{"line":67,"column":4}},{"start":{"line":67,"column":4},"end":{"line":67,"column":4}}]},"3":{"line":139,"type":"if","locations":[{"start":{"line":139,"column":4},"end":{"line":139,"column":4}},{"start":{"line":139,"column":4},"end":{"line":139,"column":4}}]}}},"src/models/Token.sol":{"l":{"42":0,"43":0,"45":0,"46":0,"47":0,"48":0,"49":0,"50":0,"51":0,"52":0,"53":0,"54":0,"55":0,"58":0,"62":0,"66":0,"68":0,"69":0,"77":0,"84":0,"85":0,"86":0,"87":0,"88":0,"89":0,"90":0,"91":0,"93":0,"99":0,"103":0},"path":"/mnt/d/Projects/ElasticDAO/contracts/src/models/Token.sol","s":{"1":0,"2":0,"3":0,"4":0,"5":0,"6":0,"7":0,"8":0,"9":0,"10":0,"11":0,"12":0,"13":0,"14":0,"15":0,"16":0,"17":0,"18":0,"19":0,"20":0,"21":0,"22":0,"23":0,"24":0,"25":0,"26":0,"27":0,"28":0,"29":0,"30":0},"b":{"1":[0,0],"2":[0,0],"3":[0,0]},"f":{"1":0,"2":0,"3":0,"4":0,"5":0,"6":0},"fnMap":{"1":{"name":"deserialize","line":37,"loc":{"start":{"line":37,"column":2},"end":{"line":59,"column":2}}},"2":{"name":"exists","line":61,"loc":{"start":{"line":61,"column":2},"end":{"line":63,"column":2}}},"3":{"name":"incrementCounter","line":65,"loc":{"start":{"line":65,"column":2},"end":{"line":70,"column":2}}},"4":{"name":"serialize","line":76,"loc":{"start":{"line":76,"column":2},"end":{"line":94,"column":2}}},"5":{"name":"updateNumberOfTokenHolders","line":96,"loc":{"start":{"line":96,"column":2},"end":{"line":100,"column":2}}},"6":{"name":"_exists","line":102,"loc":{"start":{"line":102,"column":2},"end":{"line":104,"column":2}}}},"statementMap":{"1":{"start":{"line":42,"column":4},"end":{"line":42,"column":22}},"2":{"start":{"line":43,"column":4},"end":{"line":43,"column":32}},"3":{"start":{"line":45,"column":4},"end":{"line":45,"column":1269}},"4":{"start":{"line":46,"column":6},"end":{"line":46,"column":70}},"5":{"start":{"line":47,"column":6},"end":{"line":47,"column":64}},"6":{"start":{"line":48,"column":6},"end":{"line":48,"column":76}},"7":{"start":{"line":49,"column":6},"end":{"line":49,"column":58}},"8":{"start":{"line":50,"column":6},"end":{"line":50,"column":68}},"9":{"start":{"line":51,"column":6},"end":{"line":51,"column":58}},"10":{"start":{"line":52,"column":6},"end":{"line":52,"column":90}},"11":{"start":{"line":53,"column":6},"end":{"line":53,"column":66}},"12":{"start":{"line":54,"column":6},"end":{"line":54,"column":96}},"13":{"start":{"line":55,"column":6},"end":{"line":55,"column":70}},"14":{"start":{"line":58,"column":4},"end":{"line":58,"column":17}},"15":{"start":{"line":62,"column":4},"end":{"line":62,"column":25}},"16":{"start":{"line":66,"column":4},"end":{"line":66,"column":65}},"17":{"start":{"line":68,"column":4},"end":{"line":68,"column":76}},"18":{"start":{"line":69,"column":4},"end":{"line":69,"column":83}},"19":{"start":{"line":77,"column":4},"end":{"line":77,"column":2629}},"20":{"start":{"line":84,"column":4},"end":{"line":84,"column":69}},"21":{"start":{"line":85,"column":4},"end":{"line":85,"column":73}},"22":{"start":{"line":86,"column":4},"end":{"line":86,"column":67}},"23":{"start":{"line":87,"column":4},"end":{"line":87,"column":79}},"24":{"start":{"line":88,"column":4},"end":{"line":88,"column":61}},"25":{"start":{"line":89,"column":4},"end":{"line":89,"column":71}},"26":{"start":{"line":90,"column":4},"end":{"line":90,"column":61}},"27":{"start":{"line":91,"column":4},"end":{"line":91,"column":93}},"28":{"start":{"line":93,"column":4},"end":{"line":93,"column":62}},"29":{"start":{"line":99,"column":4},"end":{"line":99,"column":92}},"30":{"start":{"line":103,"column":4},"end":{"line":103,"column":58}}},"branchMap":{"1":{"line":45,"type":"if","locations":[{"start":{"line":45,"column":4},"end":{"line":45,"column":4}},{"start":{"line":45,"column":4},"end":{"line":45,"column":4}}]},"2":{"line":66,"type":"if","locations":[{"start":{"line":66,"column":4},"end":{"line":66,"column":4}},{"start":{"line":66,"column":4},"end":{"line":66,"column":4}}]},"3":{"line":77,"type":"if","locations":[{"start":{"line":77,"column":4},"end":{"line":77,"column":4}},{"start":{"line":77,"column":4},"end":{"line":77,"column":4}}]}}},"src/models/TokenHolder.sol":{"l":{"29":0,"30":0,"31":0,"33":0,"34":0,"35":0,"38":0,"46":0,"54":0,"56":0,"57":0,"59":0,"67":0},"path":"/mnt/d/Projects/ElasticDAO/contracts/src/models/TokenHolder.sol","s":{"1":0,"2":0,"3":0,"4":0,"5":0,"6":0,"7":0,"8":0,"9":0,"10":0,"11":0,"12":0,"13":0},"b":{"1":[0,0],"2":[0,0]},"f":{"1":0,"2":0,"3":0,"4":0},"fnMap":{"1":{"name":"deserialize","line":24,"loc":{"start":{"line":24,"column":2},"end":{"line":39,"column":2}}},"2":{"name":"exists","line":41,"loc":{"start":{"line":41,"column":2},"end":{"line":47,"column":2}}},"3":{"name":"serialize","line":53,"loc":{"start":{"line":53,"column":2},"end":{"line":60,"column":2}}},"4":{"name":"_exists","line":62,"loc":{"start":{"line":62,"column":2},"end":{"line":68,"column":2}}}},"statementMap":{"1":{"start":{"line":29,"column":4},"end":{"line":29,"column":28}},"2":{"start":{"line":30,"column":4},"end":{"line":30,"column":32}},"3":{"start":{"line":31,"column":4},"end":{"line":31,"column":24}},"4":{"start":{"line":33,"column":4},"end":{"line":33,"column":1003}},"5":{"start":{"line":34,"column":6},"end":{"line":34,"column":98}},"6":{"start":{"line":35,"column":6},"end":{"line":35,"column":96}},"7":{"start":{"line":38,"column":4},"end":{"line":38,"column":17}},"8":{"start":{"line":46,"column":4},"end":{"line":46,"column":48}},"9":{"start":{"line":54,"column":4},"end":{"line":54,"column":71}},"10":{"start":{"line":56,"column":4},"end":{"line":56,"column":95}},"11":{"start":{"line":57,"column":4},"end":{"line":57,"column":93}},"12":{"start":{"line":59,"column":4},"end":{"line":59,"column":84}},"13":{"start":{"line":67,"column":4},"end":{"line":67,"column":74}}},"branchMap":{"1":{"line":33,"type":"if","locations":[{"start":{"line":33,"column":4},"end":{"line":33,"column":4}},{"start":{"line":33,"column":4},"end":{"line":33,"column":4}}]},"2":{"line":54,"type":"if","locations":[{"start":{"line":54,"column":4},"end":{"line":54,"column":4}},{"start":{"line":54,"column":4},"end":{"line":54,"column":4}}]}}},"src/services/Configurator.sol":{"l":{"30":0,"31":0,"32":0,"33":0,"34":0,"35":0,"36":0,"37":0,"38":0,"50":0,"52":0,"55":0,"56":0,"57":0,"58":0,"59":0,"60":0,"63":0,"65":0,"66":0,"91":0,"92":0,"93":0,"94":0,"95":0,"96":0,"97":0,"98":0,"99":0,"100":0,"101":0,"103":0,"104":0,"105":0,"107":0},"path":"/mnt/d/Projects/ElasticDAO/contracts/src/services/Configurator.sol","s":{"1":0,"2":0,"3":0,"4":0,"5":0,"6":0,"7":0,"8":0,"9":0,"10":0,"11":0,"12":0,"13":0,"14":0,"15":0,"16":0,"17":0,"18":0,"19":0,"20":0,"21":0,"22":0,"23":0,"24":0,"25":0,"26":0,"27":0,"28":0,"29":0,"30":0,"31":0,"32":0,"33":0,"34":0,"35":0},"b":{},"f":{"1":0,"2":0,"3":0},"fnMap":{"1":{"name":"buildDAO","line":24,"loc":{"start":{"line":24,"column":2},"end":{"line":39,"column":2}}},"2":{"name":"buildEcosystem","line":46,"loc":{"start":{"line":46,"column":2},"end":{"line":67,"column":2}}},"3":{"name":"buildToken","line":82,"loc":{"start":{"line":82,"column":2},"end":{"line":108,"column":2}}}},"statementMap":{"1":{"start":{"line":30,"column":4},"end":{"line":30,"column":52}},"2":{"start":{"line":31,"column":4},"end":{"line":31,"column":24}},"3":{"start":{"line":32,"column":4},"end":{"line":32,"column":29}},"4":{"start":{"line":33,"column":4},"end":{"line":33,"column":19}},"5":{"start":{"line":34,"column":4},"end":{"line":34,"column":45}},"6":{"start":{"line":35,"column":4},"end":{"line":35,"column":23}},"7":{"start":{"line":36,"column":4},"end":{"line":36,"column":29}},"8":{"start":{"line":37,"column":4},"end":{"line":37,"column":28}},"9":{"start":{"line":38,"column":4},"end":{"line":38,"column":14}},"10":{"start":{"line":50,"column":4},"end":{"line":50,"column":74}},"11":{"start":{"line":52,"column":4},"end":{"line":52,"column":36}},"12":{"start":{"line":55,"column":4},"end":{"line":55,"column":63}},"13":{"start":{"line":56,"column":4},"end":{"line":56,"column":85}},"14":{"start":{"line":57,"column":4},"end":{"line":57,"column":55}},"15":{"start":{"line":58,"column":4},"end":{"line":58,"column":67}},"16":{"start":{"line":59,"column":4},"end":{"line":59,"column":71}},"17":{"start":{"line":60,"column":4},"end":{"line":60,"column":59}},"18":{"start":{"line":63,"column":4},"end":{"line":63,"column":63}},"19":{"start":{"line":65,"column":4},"end":{"line":65,"column":40}},"20":{"start":{"line":66,"column":4},"end":{"line":66,"column":20}},"21":{"start":{"line":91,"column":4},"end":{"line":91,"column":60}},"22":{"start":{"line":92,"column":4},"end":{"line":92,"column":21}},"23":{"start":{"line":93,"column":4},"end":{"line":93,"column":31}},"24":{"start":{"line":94,"column":4},"end":{"line":94,"column":33}},"25":{"start":{"line":95,"column":4},"end":{"line":95,"column":15}},"26":{"start":{"line":96,"column":4},"end":{"line":96,"column":19}},"27":{"start":{"line":97,"column":4},"end":{"line":97,"column":32}},"28":{"start":{"line":98,"column":4},"end":{"line":98,"column":47}},"29":{"start":{"line":99,"column":4},"end":{"line":99,"column":21}},"30":{"start":{"line":100,"column":4},"end":{"line":100,"column":25}},"31":{"start":{"line":101,"column":4},"end":{"line":101,"column":97}},"32":{"start":{"line":103,"column":4},"end":{"line":103,"column":49}},"33":{"start":{"line":104,"column":4},"end":{"line":104,"column":68}},"34":{"start":{"line":105,"column":4},"end":{"line":105,"column":32}},"35":{"start":{"line":107,"column":4},"end":{"line":107,"column":16}}},"branchMap":{}},"src/tokens/ElasticGovernanceToken.sol":{"l":{"29":0,"30":0,"34":0,"35":0,"39":0,"40":0,"44":0,"45":0,"46":0,"47":0,"60":0,"79":0,"80":0,"89":0,"90":0,"91":0,"93":0,"102":0,"103":0,"107":0,"108":0,"109":0,"110":0,"112":0,"113":0,"115":0,"131":0,"132":0,"147":0,"148":0,"156":0,"166":0,"168":0,"170":0,"171":0,"181":0,"182":0,"192":0,"194":0,"209":0,"210":0,"218":0,"222":0,"226":0,"230":0,"239":0,"252":0,"253":0,"257":0,"258":0,"270":0,"271":0,"289":0,"291":0,"293":0,"294":0,"296":0,"299":0,"309":0,"310":0,"312":0,"314":0,"322":0,"323":0,"324":0,"325":0,"327":0,"331":0,"332":0,"333":0,"337":0,"338":0,"339":0,"340":0,"341":0,"343":0,"345":0,"346":0,"348":0,"349":0,"350":0,"354":0,"355":0,"356":0,"360":0,"361":0,"362":0,"363":0,"364":0,"366":0,"368":0,"370":0,"371":0,"373":0,"374":0,"375":0,"377":0,"385":0,"386":0,"387":0,"389":0,"390":0,"391":0,"392":0,"394":0,"395":0,"397":0,"398":0,"400":0,"401":0,"402":0,"403":0,"404":0,"406":0,"415":0,"416":0,"417":0,"418":0,"419":0,"420":0,"421":0,"422":0,"423":0,"424":0,"425":0,"427":0,"428":0,"430":0,"433":0,"435":0,"436":0,"438":0,"447":0,"448":0,"451":0,"452":0,"459":0,"463":0,"464":0,"473":0,"474":0},"path":"/mnt/d/Projects/ElasticDAO/contracts/src/tokens/ElasticGovernanceToken.sol","s":{"1":0,"2":0,"3":0,"4":0,"5":0,"6":0,"7":0,"8":0,"9":0,"10":0,"11":0,"12":0,"13":0,"14":0,"15":0,"16":0,"17":0,"18":0,"19":0,"20":0,"21":0,"22":0,"23":0,"24":0,"25":0,"26":0,"27":0,"28":0,"29":0,"30":0,"31":0,"32":0,"33":0,"34":0,"35":0,"36":0,"37":0,"38":0,"39":0,"40":0,"41":0,"42":0,"43":0,"44":0,"45":0,"46":0,"47":0,"48":0,"49":0,"50":0,"51":0,"52":0,"53":0,"54":0,"55":0,"56":0,"57":0,"58":0,"59":0,"60":0,"61":0,"62":0,"63":0,"64":0,"65":0,"66":0,"67":0,"68":0,"69":0,"70":0,"71":0,"72":0,"73":0,"74":0,"75":0,"76":0,"77":0,"78":0,"79":0,"80":0,"81":0,"82":0,"83":0,"84":0,"85":0,"86":0,"87":0,"88":0,"89":0,"90":0,"91":0,"92":0,"93":0,"94":0,"95":0,"96":0,"97":0,"98":0,"99":0,"100":0,"101":0,"102":0,"103":0,"104":0,"105":0,"106":0,"107":0,"108":0,"109":0,"110":0,"111":0,"112":0,"113":0,"114":0,"115":0,"116":0,"117":0,"118":0,"119":0,"120":0,"121":0,"122":0,"123":0,"124":0,"125":0,"126":0,"127":0,"128":0,"129":0,"130":0,"131":0,"132":0,"133":0,"134":0,"135":0,"136":0,"137":0,"138":0},"b":{"1":[0,0],"2":[0,0],"3":[0,0],"4":[0,0],"5":[0,0],"6":[0,0],"7":[0,0],"8":[0,0],"9":[0,0],"10":[0,0],"11":[0,0],"12":[0,0]},"f":{"1":0,"2":0,"3":0,"4":0,"5":0,"6":0,"7":0,"8":0,"9":0,"10":0,"11":0,"12":0,"13":0,"14":0,"15":0,"16":0,"17":0,"18":0,"19":0,"20":0,"21":0,"22":0,"23":0,"24":0,"25":0,"26":0,"27":0,"28":0,"29":0,"30":0,"31":0,"32":0,"33":0,"34":0,"35":0,"36":0,"37":0},"fnMap":{"1":{"name":"onlyDAO","line":28,"loc":{"start":{"line":28,"column":2},"end":{"line":31,"column":2}}},"2":{"name":"onlyDAOorBurner","line":33,"loc":{"start":{"line":33,"column":2},"end":{"line":36,"column":2}}},"3":{"name":"onlyDAOorMinter","line":38,"loc":{"start":{"line":38,"column":2},"end":{"line":41,"column":2}}},"4":{"name":"constructor","line":43,"loc":{"start":{"line":43,"column":2},"end":{"line":48,"column":2}}},"5":{"name":"allowance","line":59,"loc":{"start":{"line":59,"column":2},"end":{"line":61,"column":2}}},"6":{"name":"approve","line":78,"loc":{"start":{"line":78,"column":2},"end":{"line":81,"column":2}}},"7":{"name":"balanceOf","line":88,"loc":{"start":{"line":88,"column":2},"end":{"line":94,"column":2}}},"8":{"name":"balanceOfInShares","line":101,"loc":{"start":{"line":101,"column":2},"end":{"line":104,"column":2}}},"9":{"name":"balanceOfVoting","line":106,"loc":{"start":{"line":106,"column":2},"end":{"line":117,"column":2}}},"10":{"name":"burn","line":128,"loc":{"start":{"line":125,"column":2},"end":{"line":133,"column":2}}},"11":{"name":"burnShares","line":144,"loc":{"start":{"line":141,"column":2},"end":{"line":149,"column":2}}},"12":{"name":"decimals","line":155,"loc":{"start":{"line":155,"column":2},"end":{"line":157,"column":2}}},"13":{"name":"decreaseAllowance","line":165,"loc":{"start":{"line":165,"column":2},"end":{"line":172,"column":2}}},"14":{"name":"increaseAllowance","line":180,"loc":{"start":{"line":180,"column":2},"end":{"line":183,"column":2}}},"15":{"name":"mint","line":191,"loc":{"start":{"line":191,"column":2},"end":{"line":195,"column":2}}},"16":{"name":"mintShares","line":206,"loc":{"start":{"line":203,"column":2},"end":{"line":211,"column":2}}},"17":{"name":"name","line":217,"loc":{"start":{"line":217,"column":2},"end":{"line":219,"column":2}}},"18":{"name":"numberOfTokenHolders","line":221,"loc":{"start":{"line":221,"column":2},"end":{"line":223,"column":2}}},"19":{"name":"setBurner","line":225,"loc":{"start":{"line":225,"column":2},"end":{"line":227,"column":2}}},"20":{"name":"setMinter","line":229,"loc":{"start":{"line":229,"column":2},"end":{"line":231,"column":2}}},"21":{"name":"symbol","line":238,"loc":{"start":{"line":238,"column":2},"end":{"line":240,"column":2}}},"22":{"name":"totalSupply","line":251,"loc":{"start":{"line":251,"column":2},"end":{"line":254,"column":2}}},"23":{"name":"totalSupplyInShares","line":256,"loc":{"start":{"line":256,"column":2},"end":{"line":259,"column":2}}},"24":{"name":"transfer","line":269,"loc":{"start":{"line":269,"column":2},"end":{"line":272,"column":2}}},"25":{"name":"transferFrom","line":284,"loc":{"start":{"line":284,"column":2},"end":{"line":300,"column":2}}},"26":{"name":"_approve","line":304,"loc":{"start":{"line":304,"column":2},"end":{"line":315,"column":2}}},"27":{"name":"_balanceAt","line":317,"loc":{"start":{"line":317,"column":2},"end":{"line":328,"column":2}}},"28":{"name":"_burn","line":330,"loc":{"start":{"line":330,"column":2},"end":{"line":334,"column":2}}},"29":{"name":"_burnShares","line":336,"loc":{"start":{"line":336,"column":2},"end":{"line":351,"column":2}}},"30":{"name":"_mint","line":353,"loc":{"start":{"line":353,"column":2},"end":{"line":357,"column":2}}},"31":{"name":"_mintShares","line":359,"loc":{"start":{"line":359,"column":2},"end":{"line":378,"column":2}}},"32":{"name":"_transfer","line":380,"loc":{"start":{"line":380,"column":2},"end":{"line":407,"column":2}}},"33":{"name":"_updateBalance","line":409,"loc":{"start":{"line":409,"column":2},"end":{"line":439,"column":2}}},"34":{"name":"_updateNumberOfTokenHolders","line":441,"loc":{"start":{"line":441,"column":2},"end":{"line":454,"column":2}}},"35":{"name":"_getEcosystem","line":458,"loc":{"start":{"line":458,"column":2},"end":{"line":460,"column":2}}},"36":{"name":"_getTokenHolder","line":462,"loc":{"start":{"line":462,"column":2},"end":{"line":470,"column":2}}},"37":{"name":"_getToken","line":472,"loc":{"start":{"line":472,"column":2},"end":{"line":475,"column":2}}}},"statementMap":{"1":{"start":{"line":29,"column":4},"end":{"line":29,"column":90}},"2":{"start":{"line":34,"column":4},"end":{"line":34,"column":90}},"3":{"start":{"line":39,"column":4},"end":{"line":39,"column":90}},"4":{"start":{"line":44,"column":4},"end":{"line":44,"column":23}},"5":{"start":{"line":45,"column":4},"end":{"line":45,"column":27}},"6":{"start":{"line":46,"column":4},"end":{"line":46,"column":49}},"7":{"start":{"line":47,"column":4},"end":{"line":47,"column":23}},"8":{"start":{"line":60,"column":4},"end":{"line":60,"column":40}},"9":{"start":{"line":79,"column":4},"end":{"line":79,"column":42}},"10":{"start":{"line":80,"column":4},"end":{"line":80,"column":15}},"11":{"start":{"line":89,"column":4},"end":{"line":89,"column":45}},"12":{"start":{"line":90,"column":4},"end":{"line":90,"column":71}},"13":{"start":{"line":91,"column":4},"end":{"line":91,"column":67}},"14":{"start":{"line":93,"column":4},"end":{"line":93,"column":12}},"15":{"start":{"line":102,"column":4},"end":{"line":102,"column":71}},"16":{"start":{"line":103,"column":4},"end":{"line":103,"column":29}},"17":{"start":{"line":107,"column":4},"end":{"line":107,"column":45}},"18":{"start":{"line":108,"column":4},"end":{"line":108,"column":71}},"19":{"start":{"line":109,"column":4},"end":{"line":109,"column":59}},"20":{"start":{"line":110,"column":4},"end":{"line":110,"column":58}},"21":{"start":{"line":112,"column":4},"end":{"line":112,"column":3845}},"22":{"start":{"line":113,"column":6},"end":{"line":113,"column":61}},"23":{"start":{"line":115,"column":6},"end":{"line":115,"column":64}},"24":{"start":{"line":131,"column":4},"end":{"line":131,"column":27}},"25":{"start":{"line":132,"column":4},"end":{"line":132,"column":15}},"26":{"start":{"line":147,"column":4},"end":{"line":147,"column":33}},"27":{"start":{"line":148,"column":4},"end":{"line":148,"column":15}},"28":{"start":{"line":156,"column":4},"end":{"line":156,"column":13}},"29":{"start":{"line":166,"column":4},"end":{"line":166,"column":92}},"30":{"start":{"line":168,"column":4},"end":{"line":168,"column":74}},"31":{"start":{"line":170,"column":4},"end":{"line":170,"column":47}},"32":{"start":{"line":171,"column":4},"end":{"line":171,"column":15}},"33":{"start":{"line":181,"column":4},"end":{"line":181,"column":95}},"34":{"start":{"line":182,"column":4},"end":{"line":182,"column":15}},"35":{"start":{"line":192,"column":4},"end":{"line":192,"column":27}},"36":{"start":{"line":194,"column":4},"end":{"line":194,"column":15}},"37":{"start":{"line":209,"column":4},"end":{"line":209,"column":33}},"38":{"start":{"line":210,"column":4},"end":{"line":210,"column":15}},"39":{"start":{"line":218,"column":4},"end":{"line":218,"column":27}},"40":{"start":{"line":222,"column":4},"end":{"line":222,"column":43}},"41":{"start":{"line":226,"column":4},"end":{"line":226,"column":19}},"42":{"start":{"line":230,"column":4},"end":{"line":230,"column":19}},"43":{"start":{"line":239,"column":4},"end":{"line":239,"column":29}},"44":{"start":{"line":252,"column":4},"end":{"line":252,"column":45}},"45":{"start":{"line":253,"column":4},"end":{"line":253,"column":56}},"46":{"start":{"line":257,"column":4},"end":{"line":257,"column":45}},"47":{"start":{"line":258,"column":4},"end":{"line":258,"column":23}},"48":{"start":{"line":270,"column":4},"end":{"line":270,"column":38}},"49":{"start":{"line":271,"column":4},"end":{"line":271,"column":15}},"50":{"start":{"line":289,"column":4},"end":{"line":289,"column":97}},"51":{"start":{"line":291,"column":4},"end":{"line":291,"column":33}},"52":{"start":{"line":293,"column":4},"end":{"line":293,"column":9096}},"53":{"start":{"line":294,"column":6},"end":{"line":294,"column":91}},"54":{"start":{"line":296,"column":6},"end":{"line":296,"column":68}},"55":{"start":{"line":299,"column":4},"end":{"line":299,"column":15}},"56":{"start":{"line":309,"column":4},"end":{"line":309,"column":72}},"57":{"start":{"line":310,"column":4},"end":{"line":310,"column":72}},"58":{"start":{"line":312,"column":4},"end":{"line":312,"column":42}},"59":{"start":{"line":314,"column":4},"end":{"line":314,"column":44}},"60":{"start":{"line":322,"column":4},"end":{"line":322,"column":45}},"61":{"start":{"line":323,"column":4},"end":{"line":323,"column":71}},"62":{"start":{"line":324,"column":4},"end":{"line":324,"column":57}},"63":{"start":{"line":325,"column":4},"end":{"line":325,"column":67}},"64":{"start":{"line":327,"column":4},"end":{"line":327,"column":82}},"65":{"start":{"line":331,"column":4},"end":{"line":331,"column":45}},"66":{"start":{"line":332,"column":4},"end":{"line":332,"column":76}},"67":{"start":{"line":333,"column":4},"end":{"line":333,"column":37}},"68":{"start":{"line":337,"column":4},"end":{"line":337,"column":57}},"69":{"start":{"line":338,"column":4},"end":{"line":338,"column":59}},"70":{"start":{"line":339,"column":4},"end":{"line":339,"column":84}},"71":{"start":{"line":340,"column":4},"end":{"line":340,"column":71}},"72":{"start":{"line":341,"column":4},"end":{"line":341,"column":52}},"73":{"start":{"line":343,"column":4},"end":{"line":343,"column":72}},"74":{"start":{"line":345,"column":4},"end":{"line":345,"column":58}},"75":{"start":{"line":346,"column":4},"end":{"line":346,"column":32}},"76":{"start":{"line":348,"column":4},"end":{"line":348,"column":83}},"77":{"start":{"line":349,"column":4},"end":{"line":349,"column":44}},"78":{"start":{"line":350,"column":4},"end":{"line":350,"column":84}},"79":{"start":{"line":354,"column":4},"end":{"line":354,"column":45}},"80":{"start":{"line":355,"column":4},"end":{"line":355,"column":76}},"81":{"start":{"line":356,"column":4},"end":{"line":356,"column":37}},"82":{"start":{"line":360,"column":4},"end":{"line":360,"column":57}},"83":{"start":{"line":361,"column":4},"end":{"line":361,"column":59}},"84":{"start":{"line":362,"column":4},"end":{"line":362,"column":84}},"85":{"start":{"line":363,"column":4},"end":{"line":363,"column":71}},"86":{"start":{"line":364,"column":4},"end":{"line":364,"column":52}},"87":{"start":{"line":366,"column":4},"end":{"line":366,"column":66}},"88":{"start":{"line":368,"column":4},"end":{"line":368,"column":71}},"89":{"start":{"line":370,"column":4},"end":{"line":370,"column":58}},"90":{"start":{"line":371,"column":4},"end":{"line":371,"column":32}},"91":{"start":{"line":373,"column":4},"end":{"line":373,"column":83}},"92":{"start":{"line":374,"column":4},"end":{"line":374,"column":44}},"93":{"start":{"line":375,"column":4},"end":{"line":375,"column":84}},"94":{"start":{"line":377,"column":4},"end":{"line":377,"column":47}},"95":{"start":{"line":385,"column":4},"end":{"line":385,"column":57}},"96":{"start":{"line":386,"column":4},"end":{"line":386,"column":59}},"97":{"start":{"line":387,"column":4},"end":{"line":387,"column":84}},"98":{"start":{"line":389,"column":4},"end":{"line":389,"column":72}},"99":{"start":{"line":390,"column":4},"end":{"line":390,"column":68}},"100":{"start":{"line":391,"column":4},"end":{"line":391,"column":60}},"101":{"start":{"line":392,"column":4},"end":{"line":392,"column":56}},"102":{"start":{"line":394,"column":4},"end":{"line":394,"column":76}},"103":{"start":{"line":395,"column":4},"end":{"line":395,"column":65}},"104":{"start":{"line":397,"column":4},"end":{"line":397,"column":79}},"105":{"start":{"line":398,"column":4},"end":{"line":398,"column":74}},"106":{"start":{"line":400,"column":4},"end":{"line":400,"column":83}},"107":{"start":{"line":401,"column":4},"end":{"line":401,"column":48}},"108":{"start":{"line":402,"column":4},"end":{"line":402,"column":46}},"109":{"start":{"line":403,"column":4},"end":{"line":403,"column":92}},"110":{"start":{"line":404,"column":4},"end":{"line":404,"column":88}},"111":{"start":{"line":406,"column":4},"end":{"line":406,"column":37}},"112":{"start":{"line":415,"column":4},"end":{"line":415,"column":57}},"113":{"start":{"line":416,"column":4},"end":{"line":416,"column":35}},"114":{"start":{"line":417,"column":4},"end":{"line":417,"column":37}},"115":{"start":{"line":418,"column":4},"end":{"line":418,"column":32}},"116":{"start":{"line":419,"column":4},"end":{"line":419,"column":39}},"117":{"start":{"line":420,"column":4},"end":{"line":420,"column":23}},"118":{"start":{"line":421,"column":4},"end":{"line":421,"column":23}},"119":{"start":{"line":422,"column":4},"end":{"line":422,"column":25}},"120":{"start":{"line":423,"column":4},"end":{"line":423,"column":37}},"121":{"start":{"line":424,"column":4},"end":{"line":424,"column":51}},"122":{"start":{"line":425,"column":4},"end":{"line":425,"column":63}},"123":{"start":{"line":427,"column":4},"end":{"line":427,"column":14338}},"124":{"start":{"line":428,"column":6},"end":{"line":428,"column":74}},"125":{"start":{"line":430,"column":6},"end":{"line":430,"column":74}},"126":{"start":{"line":433,"column":4},"end":{"line":433,"column":39}},"127":{"start":{"line":435,"column":4},"end":{"line":435,"column":60}},"128":{"start":{"line":436,"column":4},"end":{"line":436,"column":62}},"129":{"start":{"line":438,"column":4},"end":{"line":438,"column":23}},"130":{"start":{"line":447,"column":4},"end":{"line":447,"column":14924}},"131":{"start":{"line":448,"column":6},"end":{"line":448,"column":96}},"132":{"start":{"line":451,"column":4},"end":{"line":451,"column":15095}},"133":{"start":{"line":452,"column":6},"end":{"line":452,"column":96}},"134":{"start":{"line":459,"column":4},"end":{"line":459,"column":67}},"135":{"start":{"line":463,"column":4},"end":{"line":463,"column":57}},"136":{"start":{"line":464,"column":4},"end":{"line":464,"column":15598}},"137":{"start":{"line":473,"column":4},"end":{"line":473,"column":57}},"138":{"start":{"line":474,"column":4},"end":{"line":474,"column":83}}},"branchMap":{"1":{"line":29,"type":"if","locations":[{"start":{"line":29,"column":4},"end":{"line":29,"column":4}},{"start":{"line":29,"column":4},"end":{"line":29,"column":4}}]},"2":{"line":34,"type":"if","locations":[{"start":{"line":34,"column":4},"end":{"line":34,"column":4}},{"start":{"line":34,"column":4},"end":{"line":34,"column":4}}]},"3":{"line":39,"type":"if","locations":[{"start":{"line":39,"column":4},"end":{"line":39,"column":4}},{"start":{"line":39,"column":4},"end":{"line":39,"column":4}}]},"4":{"line":112,"type":"if","locations":[{"start":{"line":112,"column":4},"end":{"line":112,"column":4}},{"start":{"line":112,"column":4},"end":{"line":112,"column":4}}]},"5":{"line":168,"type":"if","locations":[{"start":{"line":168,"column":4},"end":{"line":168,"column":4}},{"start":{"line":168,"column":4},"end":{"line":168,"column":4}}]},"6":{"line":289,"type":"if","locations":[{"start":{"line":289,"column":4},"end":{"line":289,"column":4}},{"start":{"line":289,"column":4},"end":{"line":289,"column":4}}]},"7":{"line":293,"type":"if","locations":[{"start":{"line":293,"column":4},"end":{"line":293,"column":4}},{"start":{"line":293,"column":4},"end":{"line":293,"column":4}}]},"8":{"line":309,"type":"if","locations":[{"start":{"line":309,"column":4},"end":{"line":309,"column":4}},{"start":{"line":309,"column":4},"end":{"line":309,"column":4}}]},"9":{"line":310,"type":"if","locations":[{"start":{"line":310,"column":4},"end":{"line":310,"column":4}},{"start":{"line":310,"column":4},"end":{"line":310,"column":4}}]},"10":{"line":427,"type":"if","locations":[{"start":{"line":427,"column":4},"end":{"line":427,"column":4}},{"start":{"line":427,"column":4},"end":{"line":427,"column":4}}]},"11":{"line":447,"type":"if","locations":[{"start":{"line":447,"column":4},"end":{"line":447,"column":4}},{"start":{"line":447,"column":4},"end":{"line":447,"column":4}}]},"12":{"line":451,"type":"if","locations":[{"start":{"line":451,"column":4},"end":{"line":451,"column":4}},{"start":{"line":451,"column":4},"end":{"line":451,"column":4}}]}}}}